2018-07-24 15:50:34,000 - pycrontab.py - pycrontab - INFO - begin running script: E:\工作文件\Project\pycrontab\calculator.py
2018-07-24 15:50:34,000 - pycrontab.py - pycrontab - INFO - begin running script: E:\工作文件\Project\pycrontab\calculator.py
2018-07-24 15:50:34,138 - pycrontab.py - pycrontab - INFO - The stdout of the command: 328350
2018-07-24 15:50:34,138 - pycrontab.py - pycrontab - INFO - finish running script: E:\工作文件\Project\pycrontab\calculator.py
2018-07-24 15:50:34,149 - pycrontab.py - pycrontab - INFO - The stdout of the command: 328350
2018-07-24 15:50:34,149 - pycrontab.py - pycrontab - INFO - finish running script: E:\工作文件\Project\pycrontab\calculator.py
2018-07-24 15:50:39,000 - pycrontab.py - pycrontab - INFO - begin running script: E:\工作文件\Project\pycrontab\calculator.py
2018-07-24 15:50:39,001 - pycrontab.py - pycrontab - INFO - begin running script: E:\工作文件\Project\pycrontab\calculator.py
2018-07-24 15:50:39,113 - pycrontab.py - pycrontab - INFO - The stdout of the command: 328350
2018-07-24 15:50:39,113 - pycrontab.py - pycrontab - INFO - finish running script: E:\工作文件\Project\pycrontab\calculator.py
2018-07-24 15:50:39,120 - pycrontab.py - pycrontab - INFO - The stdout of the command: 328350
2018-07-24 15:50:39,120 - pycrontab.py - pycrontab - INFO - finish running script: E:\工作文件\Project\pycrontab\calculator.py
2018-07-24 15:50:43,003 - pycrontab.py - pycrontab - INFO - begin running script: E:\工作文件\Project\pycrontab\calculator.py
2018-07-24 15:50:43,003 - pycrontab.py - pycrontab - INFO - begin running script: E:\工作文件\Project\pycrontab\calculator.py
2018-07-24 15:50:43,119 - pycrontab.py - pycrontab - INFO - The stdout of the command: 328350
2018-07-24 15:50:43,119 - pycrontab.py - pycrontab - INFO - finish running script: E:\工作文件\Project\pycrontab\calculator.py
2018-07-24 15:50:43,125 - pycrontab.py - pycrontab - INFO - The stdout of the command: 328350
2018-07-24 15:50:43,126 - pycrontab.py - pycrontab - INFO - finish running script: E:\工作文件\Project\pycrontab\calculator.py
2018-07-24 15:50:48,003 - pycrontab.py - pycrontab - INFO - begin running script: E:\工作文件\Project\pycrontab\calculator.py
2018-07-24 15:50:48,003 - pycrontab.py - pycrontab - INFO - begin running script: E:\工作文件\Project\pycrontab\calculator.py
2018-07-24 15:50:48,098 - pycrontab.py - pycrontab - INFO - The stdout of the command: 328350
2018-07-24 15:50:48,099 - pycrontab.py - pycrontab - INFO - finish running script: E:\工作文件\Project\pycrontab\calculator.py
2018-07-24 15:50:48,105 - pycrontab.py - pycrontab - INFO - The stdout of the command: 328350
2018-07-24 15:50:48,105 - pycrontab.py - pycrontab - INFO - finish running script: E:\工作文件\Project\pycrontab\calculator.py
2018-07-24 15:50:53,007 - pycrontab.py - pycrontab - INFO - begin running script: E:\工作文件\Project\pycrontab\calculator.py
2018-07-24 15:50:53,007 - pycrontab.py - pycrontab - INFO - begin running script: E:\工作文件\Project\pycrontab\calculator.py
2018-07-24 15:50:53,173 - pycrontab.py - pycrontab - INFO - The stdout of the command: 328350
2018-07-24 15:50:53,173 - pycrontab.py - pycrontab - INFO - finish running script: E:\工作文件\Project\pycrontab\calculator.py
2018-07-24 15:50:53,198 - pycrontab.py - pycrontab - INFO - The stdout of the command: 328350
2018-07-24 15:50:53,198 - pycrontab.py - pycrontab - INFO - finish running script: E:\工作文件\Project\pycrontab\calculator.py
2018-07-24 15:50:58,011 - pycrontab.py - pycrontab - INFO - begin running script: E:\工作文件\Project\pycrontab\calculator.py
2018-07-24 15:50:58,011 - pycrontab.py - pycrontab - INFO - begin running script: E:\工作文件\Project\pycrontab\calculator.py
2018-07-24 15:50:58,125 - pycrontab.py - pycrontab - INFO - The stdout of the command: 328350
2018-07-24 15:50:58,125 - pycrontab.py - pycrontab - INFO - finish running script: E:\工作文件\Project\pycrontab\calculator.py
2018-07-24 15:50:58,131 - pycrontab.py - pycrontab - INFO - The stdout of the command: 328350
2018-07-24 15:50:58,131 - pycrontab.py - pycrontab - INFO - finish running script: E:\工作文件\Project\pycrontab\calculator.py
2018-07-24 15:51:03,014 - pycrontab.py - pycrontab - INFO - begin running script: E:\工作文件\Project\pycrontab\calculator.py
2018-07-24 15:51:03,014 - pycrontab.py - pycrontab - INFO - begin running script: E:\工作文件\Project\pycrontab\calculator.py
2018-07-24 15:51:03,110 - pycrontab.py - pycrontab - INFO - The stdout of the command: 328350
2018-07-24 15:51:03,110 - pycrontab.py - pycrontab - INFO - finish running script: E:\工作文件\Project\pycrontab\calculator.py
2018-07-24 15:51:03,116 - pycrontab.py - pycrontab - INFO - The stdout of the command: 328350
2018-07-24 15:51:03,116 - pycrontab.py - pycrontab - INFO - finish running script: E:\工作文件\Project\pycrontab\calculator.py
2018-07-24 16:55:06,107 - pycrontab.py - pycrontab - INFO - <Job 'E:\\工作文件\\Project\\pycrontab\\calculator.py', run 'every', 2018-07-24 16:55:10> 2018-07-24 16:55:06
2018-07-24 16:55:06,108 - pycrontab.py - pycrontab - INFO - <Job 'E:\\工作文件\\Project\\pycrontab\\calculator.py', run 'every', 2018-07-24 16:55:10> 2018-07-24 16:55:06
2018-07-24 16:55:07,109 - pycrontab.py - pycrontab - INFO - <Job 'E:\\工作文件\\Project\\pycrontab\\calculator.py', run 'every', 2018-07-24 16:55:10> 2018-07-24 16:55:07
2018-07-24 16:55:07,109 - pycrontab.py - pycrontab - INFO - <Job 'E:\\工作文件\\Project\\pycrontab\\calculator.py', run 'every', 2018-07-24 16:55:10> 2018-07-24 16:55:07
2018-07-24 16:55:08,110 - pycrontab.py - pycrontab - INFO - <Job 'E:\\工作文件\\Project\\pycrontab\\calculator.py', run 'every', 2018-07-24 16:55:10> 2018-07-24 16:55:08
2018-07-24 16:55:08,110 - pycrontab.py - pycrontab - INFO - <Job 'E:\\工作文件\\Project\\pycrontab\\calculator.py', run 'every', 2018-07-24 16:55:10> 2018-07-24 16:55:08
2018-07-24 16:55:09,110 - pycrontab.py - pycrontab - INFO - <Job 'E:\\工作文件\\Project\\pycrontab\\calculator.py', run 'every', 2018-07-24 16:55:10> 2018-07-24 16:55:09
2018-07-24 16:55:09,110 - pycrontab.py - pycrontab - INFO - <Job 'E:\\工作文件\\Project\\pycrontab\\calculator.py', run 'every', 2018-07-24 16:55:10> 2018-07-24 16:55:09
2018-07-24 16:55:10,112 - pycrontab.py - pycrontab - INFO - <Job 'E:\\工作文件\\Project\\pycrontab\\calculator.py', run 'every', 2018-07-24 16:55:10> 2018-07-24 16:55:10
2018-07-24 16:55:10,112 - pycrontab.py - pycrontab - INFO - <Job 'E:\\工作文件\\Project\\pycrontab\\calculator.py', run 'every', 2018-07-24 16:55:10> 2018-07-24 16:55:10
2018-07-24 16:55:10,114 - pycrontab.py - pycrontab - INFO - begin running script: E:\工作文件\Project\pycrontab\calculator.py
2018-07-24 16:55:10,114 - pycrontab.py - pycrontab - INFO - begin running script: E:\工作文件\Project\pycrontab\calculator.py
2018-07-24 16:55:10,227 - pycrontab.py - pycrontab - INFO - The stdout of the command: 328350
2018-07-24 16:55:10,228 - pycrontab.py - pycrontab - INFO - finish running script: E:\工作文件\Project\pycrontab\calculator.py
2018-07-24 16:55:10,241 - pycrontab.py - pycrontab - INFO - The stdout of the command: 328350
2018-07-24 16:55:10,241 - pycrontab.py - pycrontab - INFO - finish running script: E:\工作文件\Project\pycrontab\calculator.py
2018-07-24 16:55:11,113 - pycrontab.py - pycrontab - INFO - <Job 'E:\\工作文件\\Project\\pycrontab\\calculator.py', run 'every', 2018-07-24 16:55:15> 2018-07-24 16:55:11
2018-07-24 16:55:11,113 - pycrontab.py - pycrontab - INFO - <Job 'E:\\工作文件\\Project\\pycrontab\\calculator.py', run 'every', 2018-07-24 16:55:15> 2018-07-24 16:55:11
2018-07-24 16:55:12,115 - pycrontab.py - pycrontab - INFO - <Job 'E:\\工作文件\\Project\\pycrontab\\calculator.py', run 'every', 2018-07-24 16:55:15> 2018-07-24 16:55:12
2018-07-24 16:55:12,115 - pycrontab.py - pycrontab - INFO - <Job 'E:\\工作文件\\Project\\pycrontab\\calculator.py', run 'every', 2018-07-24 16:55:15> 2018-07-24 16:55:12
2018-07-24 16:55:13,116 - pycrontab.py - pycrontab - INFO - <Job 'E:\\工作文件\\Project\\pycrontab\\calculator.py', run 'every', 2018-07-24 16:55:15> 2018-07-24 16:55:13
2018-07-24 16:55:13,116 - pycrontab.py - pycrontab - INFO - <Job 'E:\\工作文件\\Project\\pycrontab\\calculator.py', run 'every', 2018-07-24 16:55:15> 2018-07-24 16:55:13
2018-07-24 16:55:14,118 - pycrontab.py - pycrontab - INFO - <Job 'E:\\工作文件\\Project\\pycrontab\\calculator.py', run 'every', 2018-07-24 16:55:15> 2018-07-24 16:55:14
2018-07-24 16:55:14,118 - pycrontab.py - pycrontab - INFO - <Job 'E:\\工作文件\\Project\\pycrontab\\calculator.py', run 'every', 2018-07-24 16:55:15> 2018-07-24 16:55:14
2018-07-24 16:55:15,119 - pycrontab.py - pycrontab - INFO - <Job 'E:\\工作文件\\Project\\pycrontab\\calculator.py', run 'every', 2018-07-24 16:55:15> 2018-07-24 16:55:15
2018-07-24 16:55:15,120 - pycrontab.py - pycrontab - INFO - <Job 'E:\\工作文件\\Project\\pycrontab\\calculator.py', run 'every', 2018-07-24 16:55:15> 2018-07-24 16:55:15
2018-07-24 16:55:15,121 - pycrontab.py - pycrontab - INFO - begin running script: E:\工作文件\Project\pycrontab\calculator.py
2018-07-24 16:55:15,121 - pycrontab.py - pycrontab - INFO - begin running script: E:\工作文件\Project\pycrontab\calculator.py
2018-07-24 16:55:15,240 - pycrontab.py - pycrontab - INFO - The stdout of the command: 328350
2018-07-24 16:55:15,241 - pycrontab.py - pycrontab - INFO - finish running script: E:\工作文件\Project\pycrontab\calculator.py
2018-07-24 16:55:15,250 - pycrontab.py - pycrontab - INFO - The stdout of the command: 328350
2018-07-24 16:55:15,250 - pycrontab.py - pycrontab - INFO - finish running script: E:\工作文件\Project\pycrontab\calculator.py
2018-07-24 16:55:16,120 - pycrontab.py - pycrontab - INFO - <Job 'E:\\工作文件\\Project\\pycrontab\\calculator.py', run 'every', 2018-07-24 16:55:20> 2018-07-24 16:55:16
2018-07-24 16:55:16,121 - pycrontab.py - pycrontab - INFO - <Job 'E:\\工作文件\\Project\\pycrontab\\calculator.py', run 'every', 2018-07-24 16:55:20> 2018-07-24 16:55:16
2018-07-24 16:55:17,121 - pycrontab.py - pycrontab - INFO - <Job 'E:\\工作文件\\Project\\pycrontab\\calculator.py', run 'every', 2018-07-24 16:55:20> 2018-07-24 16:55:17
2018-07-24 16:55:17,121 - pycrontab.py - pycrontab - INFO - <Job 'E:\\工作文件\\Project\\pycrontab\\calculator.py', run 'every', 2018-07-24 16:55:20> 2018-07-24 16:55:17
2018-07-24 16:55:18,122 - pycrontab.py - pycrontab - INFO - <Job 'E:\\工作文件\\Project\\pycrontab\\calculator.py', run 'every', 2018-07-24 16:55:20> 2018-07-24 16:55:18
2018-07-24 16:55:18,123 - pycrontab.py - pycrontab - INFO - <Job 'E:\\工作文件\\Project\\pycrontab\\calculator.py', run 'every', 2018-07-24 16:55:20> 2018-07-24 16:55:18
2018-07-24 16:55:19,123 - pycrontab.py - pycrontab - INFO - <Job 'E:\\工作文件\\Project\\pycrontab\\calculator.py', run 'every', 2018-07-24 16:55:20> 2018-07-24 16:55:19
2018-07-24 16:55:19,124 - pycrontab.py - pycrontab - INFO - <Job 'E:\\工作文件\\Project\\pycrontab\\calculator.py', run 'every', 2018-07-24 16:55:20> 2018-07-24 16:55:19
2018-07-24 16:55:20,125 - pycrontab.py - pycrontab - INFO - <Job 'E:\\工作文件\\Project\\pycrontab\\calculator.py', run 'every', 2018-07-24 16:55:20> 2018-07-24 16:55:20
2018-07-24 16:55:20,125 - pycrontab.py - pycrontab - INFO - <Job 'E:\\工作文件\\Project\\pycrontab\\calculator.py', run 'every', 2018-07-24 16:55:20> 2018-07-24 16:55:20
2018-07-24 16:55:20,126 - pycrontab.py - pycrontab - INFO - begin running script: E:\工作文件\Project\pycrontab\calculator.py
2018-07-24 16:55:20,126 - pycrontab.py - pycrontab - INFO - begin running script: E:\工作文件\Project\pycrontab\calculator.py
2018-07-24 16:55:20,223 - pycrontab.py - pycrontab - INFO - The stdout of the command: 328350
2018-07-24 16:55:20,223 - pycrontab.py - pycrontab - INFO - finish running script: E:\工作文件\Project\pycrontab\calculator.py
2018-07-24 16:55:20,229 - pycrontab.py - pycrontab - INFO - The stdout of the command: 328350
2018-07-24 16:55:20,229 - pycrontab.py - pycrontab - INFO - finish running script: E:\工作文件\Project\pycrontab\calculator.py
2018-07-24 16:55:21,125 - pycrontab.py - pycrontab - INFO - <Job 'E:\\工作文件\\Project\\pycrontab\\calculator.py', run 'every', 2018-07-24 16:55:25> 2018-07-24 16:55:21
2018-07-24 16:55:21,125 - pycrontab.py - pycrontab - INFO - <Job 'E:\\工作文件\\Project\\pycrontab\\calculator.py', run 'every', 2018-07-24 16:55:25> 2018-07-24 16:55:21
2018-07-24 16:55:22,125 - pycrontab.py - pycrontab - INFO - <Job 'E:\\工作文件\\Project\\pycrontab\\calculator.py', run 'every', 2018-07-24 16:55:25> 2018-07-24 16:55:22
2018-07-24 16:55:22,125 - pycrontab.py - pycrontab - INFO - <Job 'E:\\工作文件\\Project\\pycrontab\\calculator.py', run 'every', 2018-07-24 16:55:25> 2018-07-24 16:55:22
2018-07-24 16:55:23,127 - pycrontab.py - pycrontab - INFO - <Job 'E:\\工作文件\\Project\\pycrontab\\calculator.py', run 'every', 2018-07-24 16:55:25> 2018-07-24 16:55:23
2018-07-24 16:55:23,127 - pycrontab.py - pycrontab - INFO - <Job 'E:\\工作文件\\Project\\pycrontab\\calculator.py', run 'every', 2018-07-24 16:55:25> 2018-07-24 16:55:23
2018-07-24 16:55:24,128 - pycrontab.py - pycrontab - INFO - <Job 'E:\\工作文件\\Project\\pycrontab\\calculator.py', run 'every', 2018-07-24 16:55:25> 2018-07-24 16:55:24
2018-07-24 16:55:24,128 - pycrontab.py - pycrontab - INFO - <Job 'E:\\工作文件\\Project\\pycrontab\\calculator.py', run 'every', 2018-07-24 16:55:25> 2018-07-24 16:55:24
2018-07-24 16:55:25,128 - pycrontab.py - pycrontab - INFO - <Job 'E:\\工作文件\\Project\\pycrontab\\calculator.py', run 'every', 2018-07-24 16:55:25> 2018-07-24 16:55:25
2018-07-24 16:55:25,128 - pycrontab.py - pycrontab - INFO - <Job 'E:\\工作文件\\Project\\pycrontab\\calculator.py', run 'every', 2018-07-24 16:55:25> 2018-07-24 16:55:25
2018-07-24 16:55:25,129 - pycrontab.py - pycrontab - INFO - begin running script: E:\工作文件\Project\pycrontab\calculator.py
2018-07-24 16:55:25,129 - pycrontab.py - pycrontab - INFO - begin running script: E:\工作文件\Project\pycrontab\calculator.py
2018-07-24 16:55:25,227 - pycrontab.py - pycrontab - INFO - The stdout of the command: 328350
2018-07-24 16:55:25,227 - pycrontab.py - pycrontab - INFO - finish running script: E:\工作文件\Project\pycrontab\calculator.py
2018-07-24 16:55:25,237 - pycrontab.py - pycrontab - INFO - The stdout of the command: 328350
2018-07-24 16:55:25,237 - pycrontab.py - pycrontab - INFO - finish running script: E:\工作文件\Project\pycrontab\calculator.py
2018-07-24 16:55:26,129 - pycrontab.py - pycrontab - INFO - <Job 'E:\\工作文件\\Project\\pycrontab\\calculator.py', run 'every', 2018-07-24 16:55:30> 2018-07-24 16:55:26
2018-07-24 16:55:26,129 - pycrontab.py - pycrontab - INFO - <Job 'E:\\工作文件\\Project\\pycrontab\\calculator.py', run 'every', 2018-07-24 16:55:30> 2018-07-24 16:55:26
2018-07-24 16:55:27,130 - pycrontab.py - pycrontab - INFO - <Job 'E:\\工作文件\\Project\\pycrontab\\calculator.py', run 'every', 2018-07-24 16:55:30> 2018-07-24 16:55:27
2018-07-24 16:55:27,130 - pycrontab.py - pycrontab - INFO - <Job 'E:\\工作文件\\Project\\pycrontab\\calculator.py', run 'every', 2018-07-24 16:55:30> 2018-07-24 16:55:27
2018-07-24 16:55:28,130 - pycrontab.py - pycrontab - INFO - <Job 'E:\\工作文件\\Project\\pycrontab\\calculator.py', run 'every', 2018-07-24 16:55:30> 2018-07-24 16:55:28
2018-07-24 16:55:28,130 - pycrontab.py - pycrontab - INFO - <Job 'E:\\工作文件\\Project\\pycrontab\\calculator.py', run 'every', 2018-07-24 16:55:30> 2018-07-24 16:55:28
2018-07-24 16:55:29,131 - pycrontab.py - pycrontab - INFO - <Job 'E:\\工作文件\\Project\\pycrontab\\calculator.py', run 'every', 2018-07-24 16:55:30> 2018-07-24 16:55:29
2018-07-24 16:55:29,132 - pycrontab.py - pycrontab - INFO - <Job 'E:\\工作文件\\Project\\pycrontab\\calculator.py', run 'every', 2018-07-24 16:55:30> 2018-07-24 16:55:29
2018-07-24 16:55:30,133 - pycrontab.py - pycrontab - INFO - <Job 'E:\\工作文件\\Project\\pycrontab\\calculator.py', run 'every', 2018-07-24 16:55:30> 2018-07-24 16:55:30
2018-07-24 16:55:30,133 - pycrontab.py - pycrontab - INFO - <Job 'E:\\工作文件\\Project\\pycrontab\\calculator.py', run 'every', 2018-07-24 16:55:30> 2018-07-24 16:55:30
2018-07-24 16:55:30,134 - pycrontab.py - pycrontab - INFO - begin running script: E:\工作文件\Project\pycrontab\calculator.py
2018-07-24 16:55:30,134 - pycrontab.py - pycrontab - INFO - begin running script: E:\工作文件\Project\pycrontab\calculator.py
2018-07-24 16:55:30,246 - pycrontab.py - pycrontab - INFO - The stdout of the command: 328350
2018-07-24 16:55:30,246 - pycrontab.py - pycrontab - INFO - finish running script: E:\工作文件\Project\pycrontab\calculator.py
2018-07-24 16:55:30,257 - pycrontab.py - pycrontab - INFO - The stdout of the command: 328350
2018-07-24 16:55:30,257 - pycrontab.py - pycrontab - INFO - finish running script: E:\工作文件\Project\pycrontab\calculator.py
2018-07-24 16:55:31,133 - pycrontab.py - pycrontab - INFO - <Job 'E:\\工作文件\\Project\\pycrontab\\calculator.py', run 'every', 2018-07-24 16:55:35> 2018-07-24 16:55:31
2018-07-24 16:55:31,133 - pycrontab.py - pycrontab - INFO - <Job 'E:\\工作文件\\Project\\pycrontab\\calculator.py', run 'every', 2018-07-24 16:55:35> 2018-07-24 16:55:31
2018-07-24 16:55:32,134 - pycrontab.py - pycrontab - INFO - <Job 'E:\\工作文件\\Project\\pycrontab\\calculator.py', run 'every', 2018-07-24 16:55:35> 2018-07-24 16:55:32
2018-07-24 16:55:32,134 - pycrontab.py - pycrontab - INFO - <Job 'E:\\工作文件\\Project\\pycrontab\\calculator.py', run 'every', 2018-07-24 16:55:35> 2018-07-24 16:55:32
2018-07-24 16:55:33,134 - pycrontab.py - pycrontab - INFO - <Job 'E:\\工作文件\\Project\\pycrontab\\calculator.py', run 'every', 2018-07-24 16:55:35> 2018-07-24 16:55:33
2018-07-24 16:55:33,134 - pycrontab.py - pycrontab - INFO - <Job 'E:\\工作文件\\Project\\pycrontab\\calculator.py', run 'every', 2018-07-24 16:55:35> 2018-07-24 16:55:33
2018-07-24 16:55:34,135 - pycrontab.py - pycrontab - INFO - <Job 'E:\\工作文件\\Project\\pycrontab\\calculator.py', run 'every', 2018-07-24 16:55:35> 2018-07-24 16:55:34
2018-07-24 16:55:34,136 - pycrontab.py - pycrontab - INFO - <Job 'E:\\工作文件\\Project\\pycrontab\\calculator.py', run 'every', 2018-07-24 16:55:35> 2018-07-24 16:55:34
2018-07-24 16:55:35,137 - pycrontab.py - pycrontab - INFO - <Job 'E:\\工作文件\\Project\\pycrontab\\calculator.py', run 'every', 2018-07-24 16:55:35> 2018-07-24 16:55:35
2018-07-24 16:55:35,137 - pycrontab.py - pycrontab - INFO - <Job 'E:\\工作文件\\Project\\pycrontab\\calculator.py', run 'every', 2018-07-24 16:55:35> 2018-07-24 16:55:35
2018-07-24 16:55:35,137 - pycrontab.py - pycrontab - INFO - begin running script: E:\工作文件\Project\pycrontab\calculator.py
2018-07-24 16:55:35,138 - pycrontab.py - pycrontab - INFO - begin running script: E:\工作文件\Project\pycrontab\calculator.py
2018-07-24 16:55:35,229 - pycrontab.py - pycrontab - INFO - The stdout of the command: 328350
2018-07-24 16:55:35,229 - pycrontab.py - pycrontab - INFO - finish running script: E:\工作文件\Project\pycrontab\calculator.py
2018-07-24 16:55:35,235 - pycrontab.py - pycrontab - INFO - The stdout of the command: 328350
2018-07-24 16:55:35,235 - pycrontab.py - pycrontab - INFO - finish running script: E:\工作文件\Project\pycrontab\calculator.py
2018-07-24 16:55:36,137 - pycrontab.py - pycrontab - INFO - <Job 'E:\\工作文件\\Project\\pycrontab\\calculator.py', run 'every', 2018-07-24 16:55:40> 2018-07-24 16:55:36
2018-07-24 16:55:36,137 - pycrontab.py - pycrontab - INFO - <Job 'E:\\工作文件\\Project\\pycrontab\\calculator.py', run 'every', 2018-07-24 16:55:40> 2018-07-24 16:55:36
2018-07-24 16:55:37,139 - pycrontab.py - pycrontab - INFO - <Job 'E:\\工作文件\\Project\\pycrontab\\calculator.py', run 'every', 2018-07-24 16:55:40> 2018-07-24 16:55:37
2018-07-24 16:55:37,140 - pycrontab.py - pycrontab - INFO - <Job 'E:\\工作文件\\Project\\pycrontab\\calculator.py', run 'every', 2018-07-24 16:55:40> 2018-07-24 16:55:37
2018-07-24 16:55:38,140 - pycrontab.py - pycrontab - INFO - <Job 'E:\\工作文件\\Project\\pycrontab\\calculator.py', run 'every', 2018-07-24 16:55:40> 2018-07-24 16:55:38
2018-07-24 16:55:38,140 - pycrontab.py - pycrontab - INFO - <Job 'E:\\工作文件\\Project\\pycrontab\\calculator.py', run 'every', 2018-07-24 16:55:40> 2018-07-24 16:55:38
2018-07-24 16:55:39,141 - pycrontab.py - pycrontab - INFO - <Job 'E:\\工作文件\\Project\\pycrontab\\calculator.py', run 'every', 2018-07-24 16:55:40> 2018-07-24 16:55:39
2018-07-24 16:55:39,141 - pycrontab.py - pycrontab - INFO - <Job 'E:\\工作文件\\Project\\pycrontab\\calculator.py', run 'every', 2018-07-24 16:55:40> 2018-07-24 16:55:39
2018-07-24 16:55:40,141 - pycrontab.py - pycrontab - INFO - <Job 'E:\\工作文件\\Project\\pycrontab\\calculator.py', run 'every', 2018-07-24 16:55:40> 2018-07-24 16:55:40
2018-07-24 16:55:40,142 - pycrontab.py - pycrontab - INFO - <Job 'E:\\工作文件\\Project\\pycrontab\\calculator.py', run 'every', 2018-07-24 16:55:40> 2018-07-24 16:55:40
2018-07-24 16:55:40,143 - pycrontab.py - pycrontab - INFO - begin running script: E:\工作文件\Project\pycrontab\calculator.py
2018-07-24 16:55:40,143 - pycrontab.py - pycrontab - INFO - begin running script: E:\工作文件\Project\pycrontab\calculator.py
2018-07-24 16:55:40,316 - pycrontab.py - pycrontab - INFO - The stdout of the command: 328350
2018-07-24 16:55:40,316 - pycrontab.py - pycrontab - INFO - finish running script: E:\工作文件\Project\pycrontab\calculator.py
2018-07-24 16:55:40,339 - pycrontab.py - pycrontab - INFO - The stdout of the command: 328350
2018-07-24 16:55:40,339 - pycrontab.py - pycrontab - INFO - finish running script: E:\工作文件\Project\pycrontab\calculator.py
2018-07-24 16:55:41,143 - pycrontab.py - pycrontab - INFO - <Job 'E:\\工作文件\\Project\\pycrontab\\calculator.py', run 'every', 2018-07-24 16:55:45> 2018-07-24 16:55:41
2018-07-24 16:55:41,143 - pycrontab.py - pycrontab - INFO - <Job 'E:\\工作文件\\Project\\pycrontab\\calculator.py', run 'every', 2018-07-24 16:55:45> 2018-07-24 16:55:41
2018-07-24 16:55:42,144 - pycrontab.py - pycrontab - INFO - <Job 'E:\\工作文件\\Project\\pycrontab\\calculator.py', run 'every', 2018-07-24 16:55:45> 2018-07-24 16:55:42
2018-07-24 16:55:42,145 - pycrontab.py - pycrontab - INFO - <Job 'E:\\工作文件\\Project\\pycrontab\\calculator.py', run 'every', 2018-07-24 16:55:45> 2018-07-24 16:55:42
2018-07-24 16:55:43,145 - pycrontab.py - pycrontab - INFO - <Job 'E:\\工作文件\\Project\\pycrontab\\calculator.py', run 'every', 2018-07-24 16:55:45> 2018-07-24 16:55:43
2018-07-24 16:55:43,145 - pycrontab.py - pycrontab - INFO - <Job 'E:\\工作文件\\Project\\pycrontab\\calculator.py', run 'every', 2018-07-24 16:55:45> 2018-07-24 16:55:43
2018-07-24 16:55:44,147 - pycrontab.py - pycrontab - INFO - <Job 'E:\\工作文件\\Project\\pycrontab\\calculator.py', run 'every', 2018-07-24 16:55:45> 2018-07-24 16:55:44
2018-07-24 16:55:44,147 - pycrontab.py - pycrontab - INFO - <Job 'E:\\工作文件\\Project\\pycrontab\\calculator.py', run 'every', 2018-07-24 16:55:45> 2018-07-24 16:55:44
2018-07-24 16:55:45,148 - pycrontab.py - pycrontab - INFO - <Job 'E:\\工作文件\\Project\\pycrontab\\calculator.py', run 'every', 2018-07-24 16:55:45> 2018-07-24 16:55:45
2018-07-24 16:55:45,148 - pycrontab.py - pycrontab - INFO - <Job 'E:\\工作文件\\Project\\pycrontab\\calculator.py', run 'every', 2018-07-24 16:55:45> 2018-07-24 16:55:45
2018-07-24 16:55:45,149 - pycrontab.py - pycrontab - INFO - begin running script: E:\工作文件\Project\pycrontab\calculator.py
2018-07-24 16:55:45,149 - pycrontab.py - pycrontab - INFO - begin running script: E:\工作文件\Project\pycrontab\calculator.py
2018-07-24 16:55:45,275 - pycrontab.py - pycrontab - INFO - The stdout of the command: 328350
2018-07-24 16:55:45,275 - pycrontab.py - pycrontab - INFO - finish running script: E:\工作文件\Project\pycrontab\calculator.py
2018-07-24 16:55:45,281 - pycrontab.py - pycrontab - INFO - The stdout of the command: 328350
2018-07-24 16:55:45,281 - pycrontab.py - pycrontab - INFO - finish running script: E:\工作文件\Project\pycrontab\calculator.py
2018-07-24 16:55:46,149 - pycrontab.py - pycrontab - INFO - <Job 'E:\\工作文件\\Project\\pycrontab\\calculator.py', run 'every', 2018-07-24 16:55:50> 2018-07-24 16:55:46
2018-07-24 16:55:46,149 - pycrontab.py - pycrontab - INFO - <Job 'E:\\工作文件\\Project\\pycrontab\\calculator.py', run 'every', 2018-07-24 16:55:50> 2018-07-24 16:55:46
2018-07-24 16:55:47,150 - pycrontab.py - pycrontab - INFO - <Job 'E:\\工作文件\\Project\\pycrontab\\calculator.py', run 'every', 2018-07-24 16:55:50> 2018-07-24 16:55:47
2018-07-24 16:55:47,151 - pycrontab.py - pycrontab - INFO - <Job 'E:\\工作文件\\Project\\pycrontab\\calculator.py', run 'every', 2018-07-24 16:55:50> 2018-07-24 16:55:47
2018-07-24 16:55:48,151 - pycrontab.py - pycrontab - INFO - <Job 'E:\\工作文件\\Project\\pycrontab\\calculator.py', run 'every', 2018-07-24 16:55:50> 2018-07-24 16:55:48
2018-07-24 16:55:48,151 - pycrontab.py - pycrontab - INFO - <Job 'E:\\工作文件\\Project\\pycrontab\\calculator.py', run 'every', 2018-07-24 16:55:50> 2018-07-24 16:55:48
2018-07-24 16:55:49,152 - pycrontab.py - pycrontab - INFO - <Job 'E:\\工作文件\\Project\\pycrontab\\calculator.py', run 'every', 2018-07-24 16:55:50> 2018-07-24 16:55:49
2018-07-24 16:55:49,152 - pycrontab.py - pycrontab - INFO - <Job 'E:\\工作文件\\Project\\pycrontab\\calculator.py', run 'every', 2018-07-24 16:55:50> 2018-07-24 16:55:49
2018-07-24 16:55:50,153 - pycrontab.py - pycrontab - INFO - <Job 'E:\\工作文件\\Project\\pycrontab\\calculator.py', run 'every', 2018-07-24 16:55:50> 2018-07-24 16:55:50
2018-07-24 16:55:50,154 - pycrontab.py - pycrontab - INFO - <Job 'E:\\工作文件\\Project\\pycrontab\\calculator.py', run 'every', 2018-07-24 16:55:50> 2018-07-24 16:55:50
2018-07-24 16:55:50,155 - pycrontab.py - pycrontab - INFO - begin running script: E:\工作文件\Project\pycrontab\calculator.py
2018-07-24 16:55:50,156 - pycrontab.py - pycrontab - INFO - begin running script: E:\工作文件\Project\pycrontab\calculator.py
2018-07-24 16:55:50,292 - pycrontab.py - pycrontab - INFO - The stdout of the command: 328350
2018-07-24 16:55:50,292 - pycrontab.py - pycrontab - INFO - finish running script: E:\工作文件\Project\pycrontab\calculator.py
2018-07-24 16:55:50,300 - pycrontab.py - pycrontab - INFO - The stdout of the command: 328350
2018-07-24 16:55:50,301 - pycrontab.py - pycrontab - INFO - finish running script: E:\工作文件\Project\pycrontab\calculator.py
2018-07-24 16:55:51,155 - pycrontab.py - pycrontab - INFO - <Job 'E:\\工作文件\\Project\\pycrontab\\calculator.py', run 'every', 2018-07-24 16:55:55> 2018-07-24 16:55:51
2018-07-24 16:55:51,155 - pycrontab.py - pycrontab - INFO - <Job 'E:\\工作文件\\Project\\pycrontab\\calculator.py', run 'every', 2018-07-24 16:55:55> 2018-07-24 16:55:51
2018-07-24 16:55:52,155 - pycrontab.py - pycrontab - INFO - <Job 'E:\\工作文件\\Project\\pycrontab\\calculator.py', run 'every', 2018-07-24 16:55:55> 2018-07-24 16:55:52
2018-07-24 16:55:52,155 - pycrontab.py - pycrontab - INFO - <Job 'E:\\工作文件\\Project\\pycrontab\\calculator.py', run 'every', 2018-07-24 16:55:55> 2018-07-24 16:55:52
2018-07-24 16:55:53,156 - pycrontab.py - pycrontab - INFO - <Job 'E:\\工作文件\\Project\\pycrontab\\calculator.py', run 'every', 2018-07-24 16:55:55> 2018-07-24 16:55:53
2018-07-24 16:55:53,157 - pycrontab.py - pycrontab - INFO - <Job 'E:\\工作文件\\Project\\pycrontab\\calculator.py', run 'every', 2018-07-24 16:55:55> 2018-07-24 16:55:53
2018-07-24 16:55:54,157 - pycrontab.py - pycrontab - INFO - <Job 'E:\\工作文件\\Project\\pycrontab\\calculator.py', run 'every', 2018-07-24 16:55:55> 2018-07-24 16:55:54
2018-07-24 16:55:54,157 - pycrontab.py - pycrontab - INFO - <Job 'E:\\工作文件\\Project\\pycrontab\\calculator.py', run 'every', 2018-07-24 16:55:55> 2018-07-24 16:55:54
2018-07-24 16:55:55,158 - pycrontab.py - pycrontab - INFO - <Job 'E:\\工作文件\\Project\\pycrontab\\calculator.py', run 'every', 2018-07-24 16:55:55> 2018-07-24 16:55:55
2018-07-24 16:55:55,158 - pycrontab.py - pycrontab - INFO - <Job 'E:\\工作文件\\Project\\pycrontab\\calculator.py', run 'every', 2018-07-24 16:55:55> 2018-07-24 16:55:55
2018-07-24 16:55:55,159 - pycrontab.py - pycrontab - INFO - begin running script: E:\工作文件\Project\pycrontab\calculator.py
2018-07-24 16:55:55,159 - pycrontab.py - pycrontab - INFO - begin running script: E:\工作文件\Project\pycrontab\calculator.py
2018-07-24 16:55:55,274 - pycrontab.py - pycrontab - INFO - The stdout of the command: 328350
2018-07-24 16:55:55,274 - pycrontab.py - pycrontab - INFO - finish running script: E:\工作文件\Project\pycrontab\calculator.py
2018-07-24 16:55:55,281 - pycrontab.py - pycrontab - INFO - The stdout of the command: 328350
2018-07-24 16:55:55,281 - pycrontab.py - pycrontab - INFO - finish running script: E:\工作文件\Project\pycrontab\calculator.py
2018-07-24 16:55:56,158 - pycrontab.py - pycrontab - INFO - <Job 'E:\\工作文件\\Project\\pycrontab\\calculator.py', run 'every', 2018-07-24 16:56:00> 2018-07-24 16:55:56
2018-07-24 16:55:56,158 - pycrontab.py - pycrontab - INFO - <Job 'E:\\工作文件\\Project\\pycrontab\\calculator.py', run 'every', 2018-07-24 16:56:00> 2018-07-24 16:55:56
2018-07-24 16:55:57,159 - pycrontab.py - pycrontab - INFO - <Job 'E:\\工作文件\\Project\\pycrontab\\calculator.py', run 'every', 2018-07-24 16:56:00> 2018-07-24 16:55:57
2018-07-24 16:55:57,160 - pycrontab.py - pycrontab - INFO - <Job 'E:\\工作文件\\Project\\pycrontab\\calculator.py', run 'every', 2018-07-24 16:56:00> 2018-07-24 16:55:57
2018-07-24 16:55:58,161 - pycrontab.py - pycrontab - INFO - <Job 'E:\\工作文件\\Project\\pycrontab\\calculator.py', run 'every', 2018-07-24 16:56:00> 2018-07-24 16:55:58
2018-07-24 16:55:58,161 - pycrontab.py - pycrontab - INFO - <Job 'E:\\工作文件\\Project\\pycrontab\\calculator.py', run 'every', 2018-07-24 16:56:00> 2018-07-24 16:55:58
2018-07-24 16:55:59,162 - pycrontab.py - pycrontab - INFO - <Job 'E:\\工作文件\\Project\\pycrontab\\calculator.py', run 'every', 2018-07-24 16:56:00> 2018-07-24 16:55:59
2018-07-24 16:55:59,163 - pycrontab.py - pycrontab - INFO - <Job 'E:\\工作文件\\Project\\pycrontab\\calculator.py', run 'every', 2018-07-24 16:56:00> 2018-07-24 16:55:59
2018-07-24 16:56:00,164 - pycrontab.py - pycrontab - INFO - <Job 'E:\\工作文件\\Project\\pycrontab\\calculator.py', run 'every', 2018-07-24 16:56:00> 2018-07-24 16:56:00
2018-07-24 16:56:00,164 - pycrontab.py - pycrontab - INFO - <Job 'E:\\工作文件\\Project\\pycrontab\\calculator.py', run 'every', 2018-07-24 16:56:00> 2018-07-24 16:56:00
2018-07-24 16:56:00,164 - pycrontab.py - pycrontab - INFO - begin running script: E:\工作文件\Project\pycrontab\calculator.py
2018-07-24 16:56:00,165 - pycrontab.py - pycrontab - INFO - begin running script: E:\工作文件\Project\pycrontab\calculator.py
2018-07-24 16:56:00,306 - pycrontab.py - pycrontab - INFO - The stdout of the command: 328350
2018-07-24 16:56:00,306 - pycrontab.py - pycrontab - INFO - finish running script: E:\工作文件\Project\pycrontab\calculator.py
2018-07-24 16:56:00,320 - pycrontab.py - pycrontab - INFO - The stdout of the command: 328350
2018-07-24 16:56:00,320 - pycrontab.py - pycrontab - INFO - finish running script: E:\工作文件\Project\pycrontab\calculator.py
2018-07-24 16:56:01,164 - pycrontab.py - pycrontab - INFO - <Job 'E:\\工作文件\\Project\\pycrontab\\calculator.py', run 'every', 2018-07-24 16:56:05> 2018-07-24 16:56:01
2018-07-24 16:56:01,165 - pycrontab.py - pycrontab - INFO - <Job 'E:\\工作文件\\Project\\pycrontab\\calculator.py', run 'every', 2018-07-24 16:56:05> 2018-07-24 16:56:01
2018-07-24 16:56:02,166 - pycrontab.py - pycrontab - INFO - <Job 'E:\\工作文件\\Project\\pycrontab\\calculator.py', run 'every', 2018-07-24 16:56:05> 2018-07-24 16:56:02
2018-07-24 16:56:02,166 - pycrontab.py - pycrontab - INFO - <Job 'E:\\工作文件\\Project\\pycrontab\\calculator.py', run 'every', 2018-07-24 16:56:05> 2018-07-24 16:56:02
2018-07-24 16:56:03,167 - pycrontab.py - pycrontab - INFO - <Job 'E:\\工作文件\\Project\\pycrontab\\calculator.py', run 'every', 2018-07-24 16:56:05> 2018-07-24 16:56:03
2018-07-24 16:56:03,167 - pycrontab.py - pycrontab - INFO - <Job 'E:\\工作文件\\Project\\pycrontab\\calculator.py', run 'every', 2018-07-24 16:56:05> 2018-07-24 16:56:03
2018-07-24 16:56:04,168 - pycrontab.py - pycrontab - INFO - <Job 'E:\\工作文件\\Project\\pycrontab\\calculator.py', run 'every', 2018-07-24 16:56:05> 2018-07-24 16:56:04
2018-07-24 16:56:04,169 - pycrontab.py - pycrontab - INFO - <Job 'E:\\工作文件\\Project\\pycrontab\\calculator.py', run 'every', 2018-07-24 16:56:05> 2018-07-24 16:56:04
2018-07-24 16:56:05,169 - pycrontab.py - pycrontab - INFO - <Job 'E:\\工作文件\\Project\\pycrontab\\calculator.py', run 'every', 2018-07-24 16:56:05> 2018-07-24 16:56:05
2018-07-24 16:56:05,170 - pycrontab.py - pycrontab - INFO - <Job 'E:\\工作文件\\Project\\pycrontab\\calculator.py', run 'every', 2018-07-24 16:56:05> 2018-07-24 16:56:05
2018-07-24 16:56:05,171 - pycrontab.py - pycrontab - INFO - begin running script: E:\工作文件\Project\pycrontab\calculator.py
2018-07-24 16:56:05,171 - pycrontab.py - pycrontab - INFO - begin running script: E:\工作文件\Project\pycrontab\calculator.py
2018-07-24 16:56:05,316 - pycrontab.py - pycrontab - INFO - The stdout of the command: 328350
2018-07-24 16:56:05,316 - pycrontab.py - pycrontab - INFO - finish running script: E:\工作文件\Project\pycrontab\calculator.py
2018-07-24 16:56:05,326 - pycrontab.py - pycrontab - INFO - The stdout of the command: 328350
2018-07-24 16:56:05,326 - pycrontab.py - pycrontab - INFO - finish running script: E:\工作文件\Project\pycrontab\calculator.py
2018-07-24 16:56:06,170 - pycrontab.py - pycrontab - INFO - <Job 'E:\\工作文件\\Project\\pycrontab\\calculator.py', run 'every', 2018-07-24 16:56:10> 2018-07-24 16:56:06
2018-07-24 16:56:06,170 - pycrontab.py - pycrontab - INFO - <Job 'E:\\工作文件\\Project\\pycrontab\\calculator.py', run 'every', 2018-07-24 16:56:10> 2018-07-24 16:56:06
2018-07-24 16:56:07,172 - pycrontab.py - pycrontab - INFO - <Job 'E:\\工作文件\\Project\\pycrontab\\calculator.py', run 'every', 2018-07-24 16:56:10> 2018-07-24 16:56:07
2018-07-24 16:56:07,172 - pycrontab.py - pycrontab - INFO - <Job 'E:\\工作文件\\Project\\pycrontab\\calculator.py', run 'every', 2018-07-24 16:56:10> 2018-07-24 16:56:07
2018-07-24 16:56:08,173 - pycrontab.py - pycrontab - INFO - <Job 'E:\\工作文件\\Project\\pycrontab\\calculator.py', run 'every', 2018-07-24 16:56:10> 2018-07-24 16:56:08
2018-07-24 16:56:08,173 - pycrontab.py - pycrontab - INFO - <Job 'E:\\工作文件\\Project\\pycrontab\\calculator.py', run 'every', 2018-07-24 16:56:10> 2018-07-24 16:56:08
2018-07-24 16:56:09,174 - pycrontab.py - pycrontab - INFO - <Job 'E:\\工作文件\\Project\\pycrontab\\calculator.py', run 'every', 2018-07-24 16:56:10> 2018-07-24 16:56:09
2018-07-24 16:56:09,175 - pycrontab.py - pycrontab - INFO - <Job 'E:\\工作文件\\Project\\pycrontab\\calculator.py', run 'every', 2018-07-24 16:56:10> 2018-07-24 16:56:09
2018-07-24 16:56:10,176 - pycrontab.py - pycrontab - INFO - <Job 'E:\\工作文件\\Project\\pycrontab\\calculator.py', run 'every', 2018-07-24 16:56:10> 2018-07-24 16:56:10
2018-07-24 16:56:10,176 - pycrontab.py - pycrontab - INFO - <Job 'E:\\工作文件\\Project\\pycrontab\\calculator.py', run 'every', 2018-07-24 16:56:10> 2018-07-24 16:56:10
2018-07-24 16:56:10,177 - pycrontab.py - pycrontab - INFO - begin running script: E:\工作文件\Project\pycrontab\calculator.py
2018-07-24 16:56:10,177 - pycrontab.py - pycrontab - INFO - begin running script: E:\工作文件\Project\pycrontab\calculator.py
2018-07-24 16:56:10,285 - pycrontab.py - pycrontab - INFO - The stdout of the command: 328350
2018-07-24 16:56:10,285 - pycrontab.py - pycrontab - INFO - finish running script: E:\工作文件\Project\pycrontab\calculator.py
2018-07-24 16:56:10,292 - pycrontab.py - pycrontab - INFO - The stdout of the command: 328350
2018-07-24 16:56:10,293 - pycrontab.py - pycrontab - INFO - finish running script: E:\工作文件\Project\pycrontab\calculator.py
2018-07-24 16:56:11,177 - pycrontab.py - pycrontab - INFO - <Job 'E:\\工作文件\\Project\\pycrontab\\calculator.py', run 'every', 2018-07-24 16:56:15> 2018-07-24 16:56:11
2018-07-24 16:56:11,177 - pycrontab.py - pycrontab - INFO - <Job 'E:\\工作文件\\Project\\pycrontab\\calculator.py', run 'every', 2018-07-24 16:56:15> 2018-07-24 16:56:11
2018-07-24 16:56:12,178 - pycrontab.py - pycrontab - INFO - <Job 'E:\\工作文件\\Project\\pycrontab\\calculator.py', run 'every', 2018-07-24 16:56:15> 2018-07-24 16:56:12
2018-07-24 16:56:12,178 - pycrontab.py - pycrontab - INFO - <Job 'E:\\工作文件\\Project\\pycrontab\\calculator.py', run 'every', 2018-07-24 16:56:15> 2018-07-24 16:56:12
2018-07-24 16:56:13,178 - pycrontab.py - pycrontab - INFO - <Job 'E:\\工作文件\\Project\\pycrontab\\calculator.py', run 'every', 2018-07-24 16:56:15> 2018-07-24 16:56:13
2018-07-24 16:56:13,178 - pycrontab.py - pycrontab - INFO - <Job 'E:\\工作文件\\Project\\pycrontab\\calculator.py', run 'every', 2018-07-24 16:56:15> 2018-07-24 16:56:13
2018-07-24 16:56:14,179 - pycrontab.py - pycrontab - INFO - <Job 'E:\\工作文件\\Project\\pycrontab\\calculator.py', run 'every', 2018-07-24 16:56:15> 2018-07-24 16:56:14
2018-07-24 16:56:14,179 - pycrontab.py - pycrontab - INFO - <Job 'E:\\工作文件\\Project\\pycrontab\\calculator.py', run 'every', 2018-07-24 16:56:15> 2018-07-24 16:56:14
2018-07-24 16:56:15,179 - pycrontab.py - pycrontab - INFO - <Job 'E:\\工作文件\\Project\\pycrontab\\calculator.py', run 'every', 2018-07-24 16:56:15> 2018-07-24 16:56:15
2018-07-24 16:56:15,179 - pycrontab.py - pycrontab - INFO - <Job 'E:\\工作文件\\Project\\pycrontab\\calculator.py', run 'every', 2018-07-24 16:56:15> 2018-07-24 16:56:15
2018-07-24 16:56:15,180 - pycrontab.py - pycrontab - INFO - begin running script: E:\工作文件\Project\pycrontab\calculator.py
2018-07-24 16:56:15,180 - pycrontab.py - pycrontab - INFO - begin running script: E:\工作文件\Project\pycrontab\calculator.py
2018-07-24 16:56:15,367 - pycrontab.py - pycrontab - INFO - The stdout of the command: 328350
2018-07-24 16:56:15,367 - pycrontab.py - pycrontab - INFO - finish running script: E:\工作文件\Project\pycrontab\calculator.py
2018-07-24 16:56:15,374 - pycrontab.py - pycrontab - INFO - The stdout of the command: 328350
2018-07-24 16:56:15,374 - pycrontab.py - pycrontab - INFO - finish running script: E:\工作文件\Project\pycrontab\calculator.py
2018-07-24 16:56:16,182 - pycrontab.py - pycrontab - INFO - <Job 'E:\\工作文件\\Project\\pycrontab\\calculator.py', run 'every', 2018-07-24 16:56:20> 2018-07-24 16:56:16
2018-07-24 16:56:16,182 - pycrontab.py - pycrontab - INFO - <Job 'E:\\工作文件\\Project\\pycrontab\\calculator.py', run 'every', 2018-07-24 16:56:20> 2018-07-24 16:56:16
2018-07-24 16:56:17,182 - pycrontab.py - pycrontab - INFO - <Job 'E:\\工作文件\\Project\\pycrontab\\calculator.py', run 'every', 2018-07-24 16:56:20> 2018-07-24 16:56:17
2018-07-24 16:56:17,182 - pycrontab.py - pycrontab - INFO - <Job 'E:\\工作文件\\Project\\pycrontab\\calculator.py', run 'every', 2018-07-24 16:56:20> 2018-07-24 16:56:17
2018-07-24 16:56:18,182 - pycrontab.py - pycrontab - INFO - <Job 'E:\\工作文件\\Project\\pycrontab\\calculator.py', run 'every', 2018-07-24 16:56:20> 2018-07-24 16:56:18
2018-07-24 16:56:18,182 - pycrontab.py - pycrontab - INFO - <Job 'E:\\工作文件\\Project\\pycrontab\\calculator.py', run 'every', 2018-07-24 16:56:20> 2018-07-24 16:56:18
2018-07-24 16:56:19,183 - pycrontab.py - pycrontab - INFO - <Job 'E:\\工作文件\\Project\\pycrontab\\calculator.py', run 'every', 2018-07-24 16:56:20> 2018-07-24 16:56:19
2018-07-24 16:56:19,183 - pycrontab.py - pycrontab - INFO - <Job 'E:\\工作文件\\Project\\pycrontab\\calculator.py', run 'every', 2018-07-24 16:56:20> 2018-07-24 16:56:19
2018-07-24 16:56:20,184 - pycrontab.py - pycrontab - INFO - <Job 'E:\\工作文件\\Project\\pycrontab\\calculator.py', run 'every', 2018-07-24 16:56:20> 2018-07-24 16:56:20
2018-07-24 16:56:20,184 - pycrontab.py - pycrontab - INFO - <Job 'E:\\工作文件\\Project\\pycrontab\\calculator.py', run 'every', 2018-07-24 16:56:20> 2018-07-24 16:56:20
2018-07-24 16:56:20,185 - pycrontab.py - pycrontab - INFO - begin running script: E:\工作文件\Project\pycrontab\calculator.py
2018-07-24 16:56:20,185 - pycrontab.py - pycrontab - INFO - begin running script: E:\工作文件\Project\pycrontab\calculator.py
2018-07-24 16:56:20,313 - pycrontab.py - pycrontab - INFO - The stdout of the command: 328350
2018-07-24 16:56:20,313 - pycrontab.py - pycrontab - INFO - finish running script: E:\工作文件\Project\pycrontab\calculator.py
2018-07-24 16:56:20,317 - pycrontab.py - pycrontab - INFO - The stdout of the command: 328350
2018-07-24 16:56:20,317 - pycrontab.py - pycrontab - INFO - finish running script: E:\工作文件\Project\pycrontab\calculator.py
2018-07-24 16:56:21,185 - pycrontab.py - pycrontab - INFO - <Job 'E:\\工作文件\\Project\\pycrontab\\calculator.py', run 'every', 2018-07-24 16:56:25> 2018-07-24 16:56:21
2018-07-24 16:56:21,185 - pycrontab.py - pycrontab - INFO - <Job 'E:\\工作文件\\Project\\pycrontab\\calculator.py', run 'every', 2018-07-24 16:56:25> 2018-07-24 16:56:21
2018-07-24 16:56:22,187 - pycrontab.py - pycrontab - INFO - <Job 'E:\\工作文件\\Project\\pycrontab\\calculator.py', run 'every', 2018-07-24 16:56:25> 2018-07-24 16:56:22
2018-07-24 16:56:22,187 - pycrontab.py - pycrontab - INFO - <Job 'E:\\工作文件\\Project\\pycrontab\\calculator.py', run 'every', 2018-07-24 16:56:25> 2018-07-24 16:56:22
2018-07-24 16:56:23,187 - pycrontab.py - pycrontab - INFO - <Job 'E:\\工作文件\\Project\\pycrontab\\calculator.py', run 'every', 2018-07-24 16:56:25> 2018-07-24 16:56:23
2018-07-24 16:56:23,187 - pycrontab.py - pycrontab - INFO - <Job 'E:\\工作文件\\Project\\pycrontab\\calculator.py', run 'every', 2018-07-24 16:56:25> 2018-07-24 16:56:23
2018-07-24 16:56:24,188 - pycrontab.py - pycrontab - INFO - <Job 'E:\\工作文件\\Project\\pycrontab\\calculator.py', run 'every', 2018-07-24 16:56:25> 2018-07-24 16:56:24
2018-07-24 16:56:24,188 - pycrontab.py - pycrontab - INFO - <Job 'E:\\工作文件\\Project\\pycrontab\\calculator.py', run 'every', 2018-07-24 16:56:25> 2018-07-24 16:56:24
2018-07-24 16:56:25,188 - pycrontab.py - pycrontab - INFO - <Job 'E:\\工作文件\\Project\\pycrontab\\calculator.py', run 'every', 2018-07-24 16:56:25> 2018-07-24 16:56:25
2018-07-24 16:56:25,189 - pycrontab.py - pycrontab - INFO - <Job 'E:\\工作文件\\Project\\pycrontab\\calculator.py', run 'every', 2018-07-24 16:56:25> 2018-07-24 16:56:25
2018-07-24 16:56:25,190 - pycrontab.py - pycrontab - INFO - begin running script: E:\工作文件\Project\pycrontab\calculator.py
2018-07-24 16:56:25,190 - pycrontab.py - pycrontab - INFO - begin running script: E:\工作文件\Project\pycrontab\calculator.py
2018-07-24 16:56:25,303 - pycrontab.py - pycrontab - INFO - The stdout of the command: 328350
2018-07-24 16:56:25,303 - pycrontab.py - pycrontab - INFO - finish running script: E:\工作文件\Project\pycrontab\calculator.py
2018-07-24 16:56:25,309 - pycrontab.py - pycrontab - INFO - The stdout of the command: 328350
2018-07-24 16:56:25,309 - pycrontab.py - pycrontab - INFO - finish running script: E:\工作文件\Project\pycrontab\calculator.py
2018-07-24 16:56:26,190 - pycrontab.py - pycrontab - INFO - <Job 'E:\\工作文件\\Project\\pycrontab\\calculator.py', run 'every', 2018-07-24 16:56:30> 2018-07-24 16:56:26
2018-07-24 16:56:26,190 - pycrontab.py - pycrontab - INFO - <Job 'E:\\工作文件\\Project\\pycrontab\\calculator.py', run 'every', 2018-07-24 16:56:30> 2018-07-24 16:56:26
2018-07-24 16:56:27,191 - pycrontab.py - pycrontab - INFO - <Job 'E:\\工作文件\\Project\\pycrontab\\calculator.py', run 'every', 2018-07-24 16:56:30> 2018-07-24 16:56:27
2018-07-24 16:56:27,191 - pycrontab.py - pycrontab - INFO - <Job 'E:\\工作文件\\Project\\pycrontab\\calculator.py', run 'every', 2018-07-24 16:56:30> 2018-07-24 16:56:27
2018-07-24 16:56:28,193 - pycrontab.py - pycrontab - INFO - <Job 'E:\\工作文件\\Project\\pycrontab\\calculator.py', run 'every', 2018-07-24 16:56:30> 2018-07-24 16:56:28
2018-07-24 16:56:28,193 - pycrontab.py - pycrontab - INFO - <Job 'E:\\工作文件\\Project\\pycrontab\\calculator.py', run 'every', 2018-07-24 16:56:30> 2018-07-24 16:56:28
2018-07-24 16:56:29,193 - pycrontab.py - pycrontab - INFO - <Job 'E:\\工作文件\\Project\\pycrontab\\calculator.py', run 'every', 2018-07-24 16:56:30> 2018-07-24 16:56:29
2018-07-24 16:56:29,193 - pycrontab.py - pycrontab - INFO - <Job 'E:\\工作文件\\Project\\pycrontab\\calculator.py', run 'every', 2018-07-24 16:56:30> 2018-07-24 16:56:29
2018-07-24 16:56:30,194 - pycrontab.py - pycrontab - INFO - <Job 'E:\\工作文件\\Project\\pycrontab\\calculator.py', run 'every', 2018-07-24 16:56:30> 2018-07-24 16:56:30
2018-07-24 16:56:30,194 - pycrontab.py - pycrontab - INFO - <Job 'E:\\工作文件\\Project\\pycrontab\\calculator.py', run 'every', 2018-07-24 16:56:30> 2018-07-24 16:56:30
2018-07-24 16:56:30,195 - pycrontab.py - pycrontab - INFO - begin running script: E:\工作文件\Project\pycrontab\calculator.py
2018-07-24 16:56:30,194 - pycrontab.py - pycrontab - INFO - begin running script: E:\工作文件\Project\pycrontab\calculator.py
2018-07-24 16:56:30,284 - pycrontab.py - pycrontab - INFO - The stdout of the command: 328350
2018-07-24 16:56:30,285 - pycrontab.py - pycrontab - INFO - finish running script: E:\工作文件\Project\pycrontab\calculator.py
2018-07-24 16:56:30,291 - pycrontab.py - pycrontab - INFO - The stdout of the command: 328350
2018-07-24 16:56:30,291 - pycrontab.py - pycrontab - INFO - finish running script: E:\工作文件\Project\pycrontab\calculator.py
2018-07-24 16:56:31,195 - pycrontab.py - pycrontab - INFO - <Job 'E:\\工作文件\\Project\\pycrontab\\calculator.py', run 'every', 2018-07-24 16:56:35> 2018-07-24 16:56:31
2018-07-24 16:56:31,195 - pycrontab.py - pycrontab - INFO - <Job 'E:\\工作文件\\Project\\pycrontab\\calculator.py', run 'every', 2018-07-24 16:56:35> 2018-07-24 16:56:31
2018-07-24 16:56:32,195 - pycrontab.py - pycrontab - INFO - <Job 'E:\\工作文件\\Project\\pycrontab\\calculator.py', run 'every', 2018-07-24 16:56:35> 2018-07-24 16:56:32
2018-07-24 16:56:32,195 - pycrontab.py - pycrontab - INFO - <Job 'E:\\工作文件\\Project\\pycrontab\\calculator.py', run 'every', 2018-07-24 16:56:35> 2018-07-24 16:56:32
2018-07-24 16:56:33,196 - pycrontab.py - pycrontab - INFO - <Job 'E:\\工作文件\\Project\\pycrontab\\calculator.py', run 'every', 2018-07-24 16:56:35> 2018-07-24 16:56:33
2018-07-24 16:56:33,196 - pycrontab.py - pycrontab - INFO - <Job 'E:\\工作文件\\Project\\pycrontab\\calculator.py', run 'every', 2018-07-24 16:56:35> 2018-07-24 16:56:33
2018-07-24 16:56:34,196 - pycrontab.py - pycrontab - INFO - <Job 'E:\\工作文件\\Project\\pycrontab\\calculator.py', run 'every', 2018-07-24 16:56:35> 2018-07-24 16:56:34
2018-07-24 16:56:34,197 - pycrontab.py - pycrontab - INFO - <Job 'E:\\工作文件\\Project\\pycrontab\\calculator.py', run 'every', 2018-07-24 16:56:35> 2018-07-24 16:56:34
2018-07-24 16:56:35,197 - pycrontab.py - pycrontab - INFO - <Job 'E:\\工作文件\\Project\\pycrontab\\calculator.py', run 'every', 2018-07-24 16:56:35> 2018-07-24 16:56:35
2018-07-24 16:56:35,198 - pycrontab.py - pycrontab - INFO - <Job 'E:\\工作文件\\Project\\pycrontab\\calculator.py', run 'every', 2018-07-24 16:56:35> 2018-07-24 16:56:35
2018-07-24 16:56:35,199 - pycrontab.py - pycrontab - INFO - begin running script: E:\工作文件\Project\pycrontab\calculator.py
2018-07-24 16:56:35,199 - pycrontab.py - pycrontab - INFO - begin running script: E:\工作文件\Project\pycrontab\calculator.py
2018-07-24 16:56:35,367 - pycrontab.py - pycrontab - INFO - The stdout of the command: 328350
2018-07-24 16:56:35,367 - pycrontab.py - pycrontab - INFO - finish running script: E:\工作文件\Project\pycrontab\calculator.py
2018-07-24 16:56:35,390 - pycrontab.py - pycrontab - INFO - The stdout of the command: 328350
2018-07-24 16:56:35,391 - pycrontab.py - pycrontab - INFO - finish running script: E:\工作文件\Project\pycrontab\calculator.py
2018-07-24 16:56:36,199 - pycrontab.py - pycrontab - INFO - <Job 'E:\\工作文件\\Project\\pycrontab\\calculator.py', run 'every', 2018-07-24 16:56:40> 2018-07-24 16:56:36
2018-07-24 16:56:36,200 - pycrontab.py - pycrontab - INFO - <Job 'E:\\工作文件\\Project\\pycrontab\\calculator.py', run 'every', 2018-07-24 16:56:40> 2018-07-24 16:56:36
2018-07-24 16:56:37,201 - pycrontab.py - pycrontab - INFO - <Job 'E:\\工作文件\\Project\\pycrontab\\calculator.py', run 'every', 2018-07-24 16:56:40> 2018-07-24 16:56:37
2018-07-24 16:56:37,201 - pycrontab.py - pycrontab - INFO - <Job 'E:\\工作文件\\Project\\pycrontab\\calculator.py', run 'every', 2018-07-24 16:56:40> 2018-07-24 16:56:37
2018-07-24 16:56:38,202 - pycrontab.py - pycrontab - INFO - <Job 'E:\\工作文件\\Project\\pycrontab\\calculator.py', run 'every', 2018-07-24 16:56:40> 2018-07-24 16:56:38
2018-07-24 16:56:38,203 - pycrontab.py - pycrontab - INFO - <Job 'E:\\工作文件\\Project\\pycrontab\\calculator.py', run 'every', 2018-07-24 16:56:40> 2018-07-24 16:56:38
2018-07-24 16:56:39,203 - pycrontab.py - pycrontab - INFO - <Job 'E:\\工作文件\\Project\\pycrontab\\calculator.py', run 'every', 2018-07-24 16:56:40> 2018-07-24 16:56:39
2018-07-24 16:56:39,203 - pycrontab.py - pycrontab - INFO - <Job 'E:\\工作文件\\Project\\pycrontab\\calculator.py', run 'every', 2018-07-24 16:56:40> 2018-07-24 16:56:39
2018-07-24 16:56:40,204 - pycrontab.py - pycrontab - INFO - <Job 'E:\\工作文件\\Project\\pycrontab\\calculator.py', run 'every', 2018-07-24 16:56:40> 2018-07-24 16:56:40
2018-07-24 16:56:40,205 - pycrontab.py - pycrontab - INFO - <Job 'E:\\工作文件\\Project\\pycrontab\\calculator.py', run 'every', 2018-07-24 16:56:40> 2018-07-24 16:56:40
2018-07-24 16:56:40,206 - pycrontab.py - pycrontab - INFO - begin running script: E:\工作文件\Project\pycrontab\calculator.py
2018-07-24 16:56:40,206 - pycrontab.py - pycrontab - INFO - begin running script: E:\工作文件\Project\pycrontab\calculator.py
2018-07-24 16:56:40,328 - pycrontab.py - pycrontab - INFO - The stdout of the command: 328350
2018-07-24 16:56:40,328 - pycrontab.py - pycrontab - INFO - finish running script: E:\工作文件\Project\pycrontab\calculator.py
2018-07-24 16:56:40,334 - pycrontab.py - pycrontab - INFO - The stdout of the command: 328350
2018-07-24 16:56:40,334 - pycrontab.py - pycrontab - INFO - finish running script: E:\工作文件\Project\pycrontab\calculator.py
2018-07-24 16:56:41,205 - pycrontab.py - pycrontab - INFO - <Job 'E:\\工作文件\\Project\\pycrontab\\calculator.py', run 'every', 2018-07-24 16:56:45> 2018-07-24 16:56:41
2018-07-24 16:56:41,205 - pycrontab.py - pycrontab - INFO - <Job 'E:\\工作文件\\Project\\pycrontab\\calculator.py', run 'every', 2018-07-24 16:56:45> 2018-07-24 16:56:41
2018-07-24 16:56:42,206 - pycrontab.py - pycrontab - INFO - <Job 'E:\\工作文件\\Project\\pycrontab\\calculator.py', run 'every', 2018-07-24 16:56:45> 2018-07-24 16:56:42
2018-07-24 16:56:42,207 - pycrontab.py - pycrontab - INFO - <Job 'E:\\工作文件\\Project\\pycrontab\\calculator.py', run 'every', 2018-07-24 16:56:45> 2018-07-24 16:56:42
2018-07-24 16:56:43,207 - pycrontab.py - pycrontab - INFO - <Job 'E:\\工作文件\\Project\\pycrontab\\calculator.py', run 'every', 2018-07-24 16:56:45> 2018-07-24 16:56:43
2018-07-24 16:56:43,208 - pycrontab.py - pycrontab - INFO - <Job 'E:\\工作文件\\Project\\pycrontab\\calculator.py', run 'every', 2018-07-24 16:56:45> 2018-07-24 16:56:43
2018-07-24 16:56:44,209 - pycrontab.py - pycrontab - INFO - <Job 'E:\\工作文件\\Project\\pycrontab\\calculator.py', run 'every', 2018-07-24 16:56:45> 2018-07-24 16:56:44
2018-07-24 16:56:44,209 - pycrontab.py - pycrontab - INFO - <Job 'E:\\工作文件\\Project\\pycrontab\\calculator.py', run 'every', 2018-07-24 16:56:45> 2018-07-24 16:56:44
2018-07-24 16:56:45,211 - pycrontab.py - pycrontab - INFO - <Job 'E:\\工作文件\\Project\\pycrontab\\calculator.py', run 'every', 2018-07-24 16:56:45> 2018-07-24 16:56:45
2018-07-24 16:56:45,211 - pycrontab.py - pycrontab - INFO - <Job 'E:\\工作文件\\Project\\pycrontab\\calculator.py', run 'every', 2018-07-24 16:56:45> 2018-07-24 16:56:45
2018-07-24 16:56:45,212 - pycrontab.py - pycrontab - INFO - begin running script: E:\工作文件\Project\pycrontab\calculator.py
2018-07-24 16:56:45,212 - pycrontab.py - pycrontab - INFO - begin running script: E:\工作文件\Project\pycrontab\calculator.py
2018-07-24 16:56:45,332 - pycrontab.py - pycrontab - INFO - The stdout of the command: 328350
2018-07-24 16:56:45,332 - pycrontab.py - pycrontab - INFO - finish running script: E:\工作文件\Project\pycrontab\calculator.py
2018-07-24 16:56:45,339 - pycrontab.py - pycrontab - INFO - The stdout of the command: 328350
2018-07-24 16:56:45,339 - pycrontab.py - pycrontab - INFO - finish running script: E:\工作文件\Project\pycrontab\calculator.py
2018-07-24 16:56:46,211 - pycrontab.py - pycrontab - INFO - <Job 'E:\\工作文件\\Project\\pycrontab\\calculator.py', run 'every', 2018-07-24 16:56:50> 2018-07-24 16:56:46
2018-07-24 16:56:46,211 - pycrontab.py - pycrontab - INFO - <Job 'E:\\工作文件\\Project\\pycrontab\\calculator.py', run 'every', 2018-07-24 16:56:50> 2018-07-24 16:56:46
2018-07-24 16:56:47,212 - pycrontab.py - pycrontab - INFO - <Job 'E:\\工作文件\\Project\\pycrontab\\calculator.py', run 'every', 2018-07-24 16:56:50> 2018-07-24 16:56:47
2018-07-24 16:56:47,212 - pycrontab.py - pycrontab - INFO - <Job 'E:\\工作文件\\Project\\pycrontab\\calculator.py', run 'every', 2018-07-24 16:56:50> 2018-07-24 16:56:47
2018-07-24 16:56:48,213 - pycrontab.py - pycrontab - INFO - <Job 'E:\\工作文件\\Project\\pycrontab\\calculator.py', run 'every', 2018-07-24 16:56:50> 2018-07-24 16:56:48
2018-07-24 16:56:48,213 - pycrontab.py - pycrontab - INFO - <Job 'E:\\工作文件\\Project\\pycrontab\\calculator.py', run 'every', 2018-07-24 16:56:50> 2018-07-24 16:56:48
2018-07-24 16:56:49,214 - pycrontab.py - pycrontab - INFO - <Job 'E:\\工作文件\\Project\\pycrontab\\calculator.py', run 'every', 2018-07-24 16:56:50> 2018-07-24 16:56:49
2018-07-24 16:56:49,214 - pycrontab.py - pycrontab - INFO - <Job 'E:\\工作文件\\Project\\pycrontab\\calculator.py', run 'every', 2018-07-24 16:56:50> 2018-07-24 16:56:49
2018-07-24 16:56:50,215 - pycrontab.py - pycrontab - INFO - <Job 'E:\\工作文件\\Project\\pycrontab\\calculator.py', run 'every', 2018-07-24 16:56:50> 2018-07-24 16:56:50
2018-07-24 16:56:50,216 - pycrontab.py - pycrontab - INFO - <Job 'E:\\工作文件\\Project\\pycrontab\\calculator.py', run 'every', 2018-07-24 16:56:50> 2018-07-24 16:56:50
2018-07-24 16:56:50,217 - pycrontab.py - pycrontab - INFO - begin running script: E:\工作文件\Project\pycrontab\calculator.py
2018-07-24 16:56:50,217 - pycrontab.py - pycrontab - INFO - begin running script: E:\工作文件\Project\pycrontab\calculator.py
2018-07-24 16:56:50,328 - pycrontab.py - pycrontab - INFO - The stdout of the command: 328350
2018-07-24 16:56:50,328 - pycrontab.py - pycrontab - INFO - finish running script: E:\工作文件\Project\pycrontab\calculator.py
2018-07-24 16:56:50,334 - pycrontab.py - pycrontab - INFO - The stdout of the command: 328350
2018-07-24 16:56:50,334 - pycrontab.py - pycrontab - INFO - finish running script: E:\工作文件\Project\pycrontab\calculator.py
2018-07-24 16:56:51,217 - pycrontab.py - pycrontab - INFO - <Job 'E:\\工作文件\\Project\\pycrontab\\calculator.py', run 'every', 2018-07-24 16:56:55> 2018-07-24 16:56:51
2018-07-24 16:56:51,217 - pycrontab.py - pycrontab - INFO - <Job 'E:\\工作文件\\Project\\pycrontab\\calculator.py', run 'every', 2018-07-24 16:56:55> 2018-07-24 16:56:51
2018-07-24 16:56:52,218 - pycrontab.py - pycrontab - INFO - <Job 'E:\\工作文件\\Project\\pycrontab\\calculator.py', run 'every', 2018-07-24 16:56:55> 2018-07-24 16:56:52
2018-07-24 16:56:52,218 - pycrontab.py - pycrontab - INFO - <Job 'E:\\工作文件\\Project\\pycrontab\\calculator.py', run 'every', 2018-07-24 16:56:55> 2018-07-24 16:56:52
2018-07-24 16:56:53,219 - pycrontab.py - pycrontab - INFO - <Job 'E:\\工作文件\\Project\\pycrontab\\calculator.py', run 'every', 2018-07-24 16:56:55> 2018-07-24 16:56:53
2018-07-24 16:56:53,219 - pycrontab.py - pycrontab - INFO - <Job 'E:\\工作文件\\Project\\pycrontab\\calculator.py', run 'every', 2018-07-24 16:56:55> 2018-07-24 16:56:53
2018-07-24 16:56:54,220 - pycrontab.py - pycrontab - INFO - <Job 'E:\\工作文件\\Project\\pycrontab\\calculator.py', run 'every', 2018-07-24 16:56:55> 2018-07-24 16:56:54
2018-07-24 16:56:54,220 - pycrontab.py - pycrontab - INFO - <Job 'E:\\工作文件\\Project\\pycrontab\\calculator.py', run 'every', 2018-07-24 16:56:55> 2018-07-24 16:56:54
2018-07-24 16:56:55,221 - pycrontab.py - pycrontab - INFO - <Job 'E:\\工作文件\\Project\\pycrontab\\calculator.py', run 'every', 2018-07-24 16:56:55> 2018-07-24 16:56:55
2018-07-24 16:56:55,222 - pycrontab.py - pycrontab - INFO - <Job 'E:\\工作文件\\Project\\pycrontab\\calculator.py', run 'every', 2018-07-24 16:56:55> 2018-07-24 16:56:55
2018-07-24 16:56:55,223 - pycrontab.py - pycrontab - INFO - begin running script: E:\工作文件\Project\pycrontab\calculator.py
2018-07-24 16:56:55,224 - pycrontab.py - pycrontab - INFO - begin running script: E:\工作文件\Project\pycrontab\calculator.py
2018-07-24 16:56:55,377 - pycrontab.py - pycrontab - INFO - The stdout of the command: 328350
2018-07-24 16:56:55,378 - pycrontab.py - pycrontab - INFO - finish running script: E:\工作文件\Project\pycrontab\calculator.py
2018-07-24 16:56:55,403 - pycrontab.py - pycrontab - INFO - The stdout of the command: 328350
2018-07-24 16:56:55,403 - pycrontab.py - pycrontab - INFO - finish running script: E:\工作文件\Project\pycrontab\calculator.py
2018-07-24 16:56:56,223 - pycrontab.py - pycrontab - INFO - <Job 'E:\\工作文件\\Project\\pycrontab\\calculator.py', run 'every', 2018-07-24 16:57:00> 2018-07-24 16:56:56
2018-07-24 16:56:56,223 - pycrontab.py - pycrontab - INFO - <Job 'E:\\工作文件\\Project\\pycrontab\\calculator.py', run 'every', 2018-07-24 16:57:00> 2018-07-24 16:56:56
2018-07-24 16:56:57,224 - pycrontab.py - pycrontab - INFO - <Job 'E:\\工作文件\\Project\\pycrontab\\calculator.py', run 'every', 2018-07-24 16:57:00> 2018-07-24 16:56:57
2018-07-24 16:56:57,225 - pycrontab.py - pycrontab - INFO - <Job 'E:\\工作文件\\Project\\pycrontab\\calculator.py', run 'every', 2018-07-24 16:57:00> 2018-07-24 16:56:57
2018-07-24 16:56:58,225 - pycrontab.py - pycrontab - INFO - <Job 'E:\\工作文件\\Project\\pycrontab\\calculator.py', run 'every', 2018-07-24 16:57:00> 2018-07-24 16:56:58
2018-07-24 16:56:58,225 - pycrontab.py - pycrontab - INFO - <Job 'E:\\工作文件\\Project\\pycrontab\\calculator.py', run 'every', 2018-07-24 16:57:00> 2018-07-24 16:56:58
2018-07-24 16:56:59,227 - pycrontab.py - pycrontab - INFO - <Job 'E:\\工作文件\\Project\\pycrontab\\calculator.py', run 'every', 2018-07-24 16:57:00> 2018-07-24 16:56:59
2018-07-24 16:56:59,227 - pycrontab.py - pycrontab - INFO - <Job 'E:\\工作文件\\Project\\pycrontab\\calculator.py', run 'every', 2018-07-24 16:57:00> 2018-07-24 16:56:59
2018-07-24 16:57:00,228 - pycrontab.py - pycrontab - INFO - <Job 'E:\\工作文件\\Project\\pycrontab\\calculator.py', run 'every', 2018-07-24 16:57:00> 2018-07-24 16:57:00
2018-07-24 16:57:00,228 - pycrontab.py - pycrontab - INFO - <Job 'E:\\工作文件\\Project\\pycrontab\\calculator.py', run 'every', 2018-07-24 16:57:00> 2018-07-24 16:57:00
2018-07-24 16:57:00,229 - pycrontab.py - pycrontab - INFO - begin running script: E:\工作文件\Project\pycrontab\calculator.py
2018-07-24 16:57:00,230 - pycrontab.py - pycrontab - INFO - begin running script: E:\工作文件\Project\pycrontab\calculator.py
2018-07-24 16:57:00,414 - pycrontab.py - pycrontab - INFO - The stdout of the command: 328350
2018-07-24 16:57:00,414 - pycrontab.py - pycrontab - INFO - finish running script: E:\工作文件\Project\pycrontab\calculator.py
2018-07-24 16:57:00,424 - pycrontab.py - pycrontab - INFO - The stdout of the command: 328350
2018-07-24 16:57:00,424 - pycrontab.py - pycrontab - INFO - finish running script: E:\工作文件\Project\pycrontab\calculator.py
2018-07-24 16:57:15,831 - pycrontab.py - pycrontab - INFO - <Job 'E:\\工作文件\\Project\\pycrontab\\calculator.py', run 'every', 2018-07-24 16:57:20> 2018-07-24 16:57:15
2018-07-24 16:57:15,831 - pycrontab.py - pycrontab - INFO - <Job 'E:\\工作文件\\Project\\pycrontab\\calculator.py', run 'every', 2018-07-24 16:57:20> 2018-07-24 16:57:15
2018-07-24 16:57:16,832 - pycrontab.py - pycrontab - INFO - <Job 'E:\\工作文件\\Project\\pycrontab\\calculator.py', run 'every', 2018-07-24 16:57:20> 2018-07-24 16:57:16
2018-07-24 16:57:16,833 - pycrontab.py - pycrontab - INFO - <Job 'E:\\工作文件\\Project\\pycrontab\\calculator.py', run 'every', 2018-07-24 16:57:20> 2018-07-24 16:57:16
2018-07-24 16:57:17,833 - pycrontab.py - pycrontab - INFO - <Job 'E:\\工作文件\\Project\\pycrontab\\calculator.py', run 'every', 2018-07-24 16:57:20> 2018-07-24 16:57:17
2018-07-24 16:57:17,834 - pycrontab.py - pycrontab - INFO - <Job 'E:\\工作文件\\Project\\pycrontab\\calculator.py', run 'every', 2018-07-24 16:57:20> 2018-07-24 16:57:17
2018-07-24 16:57:18,834 - pycrontab.py - pycrontab - INFO - <Job 'E:\\工作文件\\Project\\pycrontab\\calculator.py', run 'every', 2018-07-24 16:57:20> 2018-07-24 16:57:18
2018-07-24 16:57:18,835 - pycrontab.py - pycrontab - INFO - <Job 'E:\\工作文件\\Project\\pycrontab\\calculator.py', run 'every', 2018-07-24 16:57:20> 2018-07-24 16:57:18
2018-07-24 16:57:19,836 - pycrontab.py - pycrontab - INFO - <Job 'E:\\工作文件\\Project\\pycrontab\\calculator.py', run 'every', 2018-07-24 16:57:20> 2018-07-24 16:57:19
2018-07-24 16:57:19,837 - pycrontab.py - pycrontab - INFO - <Job 'E:\\工作文件\\Project\\pycrontab\\calculator.py', run 'every', 2018-07-24 16:57:20> 2018-07-24 16:57:19
2018-07-24 16:57:20,837 - pycrontab.py - pycrontab - INFO - <Job 'E:\\工作文件\\Project\\pycrontab\\calculator.py', run 'every', 2018-07-24 16:57:20> 2018-07-24 16:57:20
2018-07-24 16:57:20,839 - pycrontab.py - pycrontab - INFO - <Job 'E:\\工作文件\\Project\\pycrontab\\calculator.py', run 'every', 2018-07-24 16:57:20> 2018-07-24 16:57:20
2018-07-24 16:57:20,842 - pycrontab.py - pycrontab - INFO - begin running script: E:\工作文件\Project\pycrontab\calculator.py
2018-07-24 16:57:20,843 - pycrontab.py - pycrontab - INFO - begin running script: E:\工作文件\Project\pycrontab\calculator.py
2018-07-24 16:57:21,002 - pycrontab.py - pycrontab - INFO - The stdout of the command: 328350
2018-07-24 16:57:21,002 - pycrontab.py - pycrontab - INFO - finish running script: E:\工作文件\Project\pycrontab\calculator.py
2018-07-24 16:57:21,025 - pycrontab.py - pycrontab - INFO - The stdout of the command: 328350
2018-07-24 16:57:21,025 - pycrontab.py - pycrontab - INFO - finish running script: E:\工作文件\Project\pycrontab\calculator.py
2018-07-24 16:57:21,841 - pycrontab.py - pycrontab - INFO - <Job 'E:\\工作文件\\Project\\pycrontab\\calculator.py', run 'every', 2018-07-24 16:57:25> 2018-07-24 16:57:21
2018-07-24 16:57:21,842 - pycrontab.py - pycrontab - INFO - <Job 'E:\\工作文件\\Project\\pycrontab\\calculator.py', run 'every', 2018-07-24 16:57:25> 2018-07-24 16:57:21
2018-07-24 16:57:46,575 - pycrontab.py - pycrontab - INFO - <Job 'E:\\工作文件\\Project\\pycrontab\\calculator.py', run 'every', 2018-07-24 16:57:51> 2018-07-24 16:57:46
2018-07-24 16:57:46,576 - pycrontab.py - pycrontab - INFO - <Job 'E:\\工作文件\\Project\\pycrontab\\calculator.py', run 'every', 2018-07-24 16:57:51> 2018-07-24 16:57:46
2018-07-24 16:57:47,577 - pycrontab.py - pycrontab - INFO - <Job 'E:\\工作文件\\Project\\pycrontab\\calculator.py', run 'every', 2018-07-24 16:57:51> 2018-07-24 16:57:47
2018-07-24 16:57:47,578 - pycrontab.py - pycrontab - INFO - <Job 'E:\\工作文件\\Project\\pycrontab\\calculator.py', run 'every', 2018-07-24 16:57:51> 2018-07-24 16:57:47
2018-07-24 16:57:48,579 - pycrontab.py - pycrontab - INFO - <Job 'E:\\工作文件\\Project\\pycrontab\\calculator.py', run 'every', 2018-07-24 16:57:51> 2018-07-24 16:57:48
2018-07-24 16:57:48,579 - pycrontab.py - pycrontab - INFO - <Job 'E:\\工作文件\\Project\\pycrontab\\calculator.py', run 'every', 2018-07-24 16:57:51> 2018-07-24 16:57:48
2018-07-24 16:57:49,580 - pycrontab.py - pycrontab - INFO - <Job 'E:\\工作文件\\Project\\pycrontab\\calculator.py', run 'every', 2018-07-24 16:57:51> 2018-07-24 16:57:49
2018-07-24 16:57:49,581 - pycrontab.py - pycrontab - INFO - <Job 'E:\\工作文件\\Project\\pycrontab\\calculator.py', run 'every', 2018-07-24 16:57:51> 2018-07-24 16:57:49
2018-07-24 16:57:50,581 - pycrontab.py - pycrontab - INFO - <Job 'E:\\工作文件\\Project\\pycrontab\\calculator.py', run 'every', 2018-07-24 16:57:51> 2018-07-24 16:57:50
2018-07-24 16:57:50,582 - pycrontab.py - pycrontab - INFO - <Job 'E:\\工作文件\\Project\\pycrontab\\calculator.py', run 'every', 2018-07-24 16:57:51> 2018-07-24 16:57:50
2018-07-24 16:57:51,583 - pycrontab.py - pycrontab - INFO - <Job 'E:\\工作文件\\Project\\pycrontab\\calculator.py', run 'every', 2018-07-24 16:57:51> 2018-07-24 16:57:51
2018-07-24 16:57:51,583 - pycrontab.py - pycrontab - INFO - put job into queue: <Job 'E:\\工作文件\\Project\\pycrontab\\calculator.py', run 'every', 2018-07-24 16:57:51>
2018-07-24 16:57:51,585 - pycrontab.py - pycrontab - INFO - <Job 'E:\\工作文件\\Project\\pycrontab\\calculator.py', run 'every', 2018-07-24 16:57:51> 2018-07-24 16:57:51
2018-07-24 16:57:51,586 - pycrontab.py - pycrontab - INFO - put job into queue: <Job 'E:\\工作文件\\Project\\pycrontab\\calculator.py', run 'every', 2018-07-24 16:57:51>
2018-07-24 16:57:51,587 - pycrontab.py - pycrontab - INFO - begin running script: E:\工作文件\Project\pycrontab\calculator.py
2018-07-24 16:57:51,588 - pycrontab.py - pycrontab - INFO - begin running script: E:\工作文件\Project\pycrontab\calculator.py
2018-07-24 16:57:51,750 - pycrontab.py - pycrontab - INFO - The stdout of the command: 328350
2018-07-24 16:57:51,750 - pycrontab.py - pycrontab - INFO - finish running script: E:\工作文件\Project\pycrontab\calculator.py
2018-07-24 16:57:51,774 - pycrontab.py - pycrontab - INFO - The stdout of the command: 328350
2018-07-24 16:57:51,774 - pycrontab.py - pycrontab - INFO - finish running script: E:\工作文件\Project\pycrontab\calculator.py
2018-07-24 16:57:52,587 - pycrontab.py - pycrontab - INFO - <Job 'E:\\工作文件\\Project\\pycrontab\\calculator.py', run 'every', 2018-07-24 16:57:56> 2018-07-24 16:57:52
2018-07-24 16:57:52,588 - pycrontab.py - pycrontab - INFO - <Job 'E:\\工作文件\\Project\\pycrontab\\calculator.py', run 'every', 2018-07-24 16:57:56> 2018-07-24 16:57:52
2018-07-24 16:57:53,588 - pycrontab.py - pycrontab - INFO - <Job 'E:\\工作文件\\Project\\pycrontab\\calculator.py', run 'every', 2018-07-24 16:57:56> 2018-07-24 16:57:53
2018-07-24 16:57:53,588 - pycrontab.py - pycrontab - INFO - <Job 'E:\\工作文件\\Project\\pycrontab\\calculator.py', run 'every', 2018-07-24 16:57:56> 2018-07-24 16:57:53
2018-07-24 16:57:54,589 - pycrontab.py - pycrontab - INFO - <Job 'E:\\工作文件\\Project\\pycrontab\\calculator.py', run 'every', 2018-07-24 16:57:56> 2018-07-24 16:57:54
2018-07-24 16:57:54,590 - pycrontab.py - pycrontab - INFO - <Job 'E:\\工作文件\\Project\\pycrontab\\calculator.py', run 'every', 2018-07-24 16:57:56> 2018-07-24 16:57:54
2018-07-24 16:57:55,590 - pycrontab.py - pycrontab - INFO - <Job 'E:\\工作文件\\Project\\pycrontab\\calculator.py', run 'every', 2018-07-24 16:57:56> 2018-07-24 16:57:55
2018-07-24 16:57:55,591 - pycrontab.py - pycrontab - INFO - <Job 'E:\\工作文件\\Project\\pycrontab\\calculator.py', run 'every', 2018-07-24 16:57:56> 2018-07-24 16:57:55
2018-07-24 16:57:56,592 - pycrontab.py - pycrontab - INFO - <Job 'E:\\工作文件\\Project\\pycrontab\\calculator.py', run 'every', 2018-07-24 16:57:56> 2018-07-24 16:57:56
2018-07-24 16:57:56,593 - pycrontab.py - pycrontab - INFO - put job into queue: <Job 'E:\\工作文件\\Project\\pycrontab\\calculator.py', run 'every', 2018-07-24 16:57:56>
2018-07-24 16:57:56,594 - pycrontab.py - pycrontab - INFO - <Job 'E:\\工作文件\\Project\\pycrontab\\calculator.py', run 'every', 2018-07-24 16:57:56> 2018-07-24 16:57:56
2018-07-24 16:57:56,595 - pycrontab.py - pycrontab - INFO - begin running script: E:\工作文件\Project\pycrontab\calculator.py
2018-07-24 16:57:56,596 - pycrontab.py - pycrontab - INFO - put job into queue: <Job 'E:\\工作文件\\Project\\pycrontab\\calculator.py', run 'every', 2018-07-24 16:57:56>
2018-07-24 16:57:56,598 - pycrontab.py - pycrontab - INFO - begin running script: E:\工作文件\Project\pycrontab\calculator.py
2018-07-24 16:57:56,718 - pycrontab.py - pycrontab - INFO - The stdout of the command: 328350
2018-07-24 16:57:56,718 - pycrontab.py - pycrontab - INFO - finish running script: E:\工作文件\Project\pycrontab\calculator.py
2018-07-24 16:57:56,723 - pycrontab.py - pycrontab - INFO - The stdout of the command: 328350
2018-07-24 16:57:56,723 - pycrontab.py - pycrontab - INFO - finish running script: E:\工作文件\Project\pycrontab\calculator.py
2018-07-24 16:57:57,597 - pycrontab.py - pycrontab - INFO - <Job 'E:\\工作文件\\Project\\pycrontab\\calculator.py', run 'every', 2018-07-24 16:58:01> 2018-07-24 16:57:57
2018-07-24 16:57:57,598 - pycrontab.py - pycrontab - INFO - <Job 'E:\\工作文件\\Project\\pycrontab\\calculator.py', run 'every', 2018-07-24 16:58:01> 2018-07-24 16:57:57
2018-07-24 16:57:58,598 - pycrontab.py - pycrontab - INFO - <Job 'E:\\工作文件\\Project\\pycrontab\\calculator.py', run 'every', 2018-07-24 16:58:01> 2018-07-24 16:57:58
2018-07-24 16:57:58,599 - pycrontab.py - pycrontab - INFO - <Job 'E:\\工作文件\\Project\\pycrontab\\calculator.py', run 'every', 2018-07-24 16:58:01> 2018-07-24 16:57:58
2018-07-24 16:57:59,600 - pycrontab.py - pycrontab - INFO - <Job 'E:\\工作文件\\Project\\pycrontab\\calculator.py', run 'every', 2018-07-24 16:58:01> 2018-07-24 16:57:59
2018-07-24 16:57:59,601 - pycrontab.py - pycrontab - INFO - <Job 'E:\\工作文件\\Project\\pycrontab\\calculator.py', run 'every', 2018-07-24 16:58:01> 2018-07-24 16:57:59
2018-07-24 16:58:00,601 - pycrontab.py - pycrontab - INFO - <Job 'E:\\工作文件\\Project\\pycrontab\\calculator.py', run 'every', 2018-07-24 16:58:01> 2018-07-24 16:58:00
2018-07-24 16:58:00,602 - pycrontab.py - pycrontab - INFO - <Job 'E:\\工作文件\\Project\\pycrontab\\calculator.py', run 'every', 2018-07-24 16:58:01> 2018-07-24 16:58:00
2018-07-24 16:58:01,603 - pycrontab.py - pycrontab - INFO - <Job 'E:\\工作文件\\Project\\pycrontab\\calculator.py', run 'every', 2018-07-24 16:58:01> 2018-07-24 16:58:01
2018-07-24 16:58:01,603 - pycrontab.py - pycrontab - INFO - put job into queue: <Job 'E:\\工作文件\\Project\\pycrontab\\calculator.py', run 'every', 2018-07-24 16:58:01>
2018-07-24 16:58:01,603 - pycrontab.py - pycrontab - INFO - <Job 'E:\\工作文件\\Project\\pycrontab\\calculator.py', run 'every', 2018-07-24 16:58:01> 2018-07-24 16:58:01
2018-07-24 16:58:01,604 - pycrontab.py - pycrontab - INFO - put job into queue: <Job 'E:\\工作文件\\Project\\pycrontab\\calculator.py', run 'every', 2018-07-24 16:58:01>
2018-07-24 16:58:01,604 - pycrontab.py - pycrontab - INFO - begin running script: E:\工作文件\Project\pycrontab\calculator.py
2018-07-24 16:58:01,605 - pycrontab.py - pycrontab - INFO - begin running script: E:\工作文件\Project\pycrontab\calculator.py
2018-07-24 16:58:01,703 - pycrontab.py - pycrontab - INFO - The stdout of the command: 328350
2018-07-24 16:58:01,704 - pycrontab.py - pycrontab - INFO - finish running script: E:\工作文件\Project\pycrontab\calculator.py
2018-07-24 16:58:01,710 - pycrontab.py - pycrontab - INFO - The stdout of the command: 328350
2018-07-24 16:58:01,710 - pycrontab.py - pycrontab - INFO - finish running script: E:\工作文件\Project\pycrontab\calculator.py
2018-07-24 16:58:02,606 - pycrontab.py - pycrontab - INFO - <Job 'E:\\工作文件\\Project\\pycrontab\\calculator.py', run 'every', 2018-07-24 16:58:06> 2018-07-24 16:58:02
2018-07-24 16:58:02,606 - pycrontab.py - pycrontab - INFO - <Job 'E:\\工作文件\\Project\\pycrontab\\calculator.py', run 'every', 2018-07-24 16:58:06> 2018-07-24 16:58:02
2018-07-24 16:58:03,607 - pycrontab.py - pycrontab - INFO - <Job 'E:\\工作文件\\Project\\pycrontab\\calculator.py', run 'every', 2018-07-24 16:58:06> 2018-07-24 16:58:03
2018-07-24 16:58:03,608 - pycrontab.py - pycrontab - INFO - <Job 'E:\\工作文件\\Project\\pycrontab\\calculator.py', run 'every', 2018-07-24 16:58:06> 2018-07-24 16:58:03
2018-07-24 16:58:04,609 - pycrontab.py - pycrontab - INFO - <Job 'E:\\工作文件\\Project\\pycrontab\\calculator.py', run 'every', 2018-07-24 16:58:06> 2018-07-24 16:58:04
2018-07-24 16:58:04,610 - pycrontab.py - pycrontab - INFO - <Job 'E:\\工作文件\\Project\\pycrontab\\calculator.py', run 'every', 2018-07-24 16:58:06> 2018-07-24 16:58:04
2018-07-24 16:58:05,610 - pycrontab.py - pycrontab - INFO - <Job 'E:\\工作文件\\Project\\pycrontab\\calculator.py', run 'every', 2018-07-24 16:58:06> 2018-07-24 16:58:05
2018-07-24 16:58:05,611 - pycrontab.py - pycrontab - INFO - <Job 'E:\\工作文件\\Project\\pycrontab\\calculator.py', run 'every', 2018-07-24 16:58:06> 2018-07-24 16:58:05
2018-07-24 16:58:06,612 - pycrontab.py - pycrontab - INFO - <Job 'E:\\工作文件\\Project\\pycrontab\\calculator.py', run 'every', 2018-07-24 16:58:06> 2018-07-24 16:58:06
2018-07-24 16:58:06,613 - pycrontab.py - pycrontab - INFO - put job into queue: <Job 'E:\\工作文件\\Project\\pycrontab\\calculator.py', run 'every', 2018-07-24 16:58:06>
2018-07-24 16:58:06,613 - pycrontab.py - pycrontab - INFO - <Job 'E:\\工作文件\\Project\\pycrontab\\calculator.py', run 'every', 2018-07-24 16:58:06> 2018-07-24 16:58:06
2018-07-24 16:58:06,614 - pycrontab.py - pycrontab - INFO - put job into queue: <Job 'E:\\工作文件\\Project\\pycrontab\\calculator.py', run 'every', 2018-07-24 16:58:06>
2018-07-24 16:58:06,615 - pycrontab.py - pycrontab - INFO - begin running script: E:\工作文件\Project\pycrontab\calculator.py
2018-07-24 16:58:06,615 - pycrontab.py - pycrontab - INFO - begin running script: E:\工作文件\Project\pycrontab\calculator.py
2018-07-24 16:58:06,780 - pycrontab.py - pycrontab - INFO - The stdout of the command: 328350
2018-07-24 16:58:06,780 - pycrontab.py - pycrontab - INFO - finish running script: E:\工作文件\Project\pycrontab\calculator.py
2018-07-24 16:58:06,804 - pycrontab.py - pycrontab - INFO - The stdout of the command: 328350
2018-07-24 16:58:06,804 - pycrontab.py - pycrontab - INFO - finish running script: E:\工作文件\Project\pycrontab\calculator.py
2018-07-24 16:58:07,615 - pycrontab.py - pycrontab - INFO - <Job 'E:\\工作文件\\Project\\pycrontab\\calculator.py', run 'every', 2018-07-24 16:58:11> 2018-07-24 16:58:07
2018-07-24 16:58:07,616 - pycrontab.py - pycrontab - INFO - <Job 'E:\\工作文件\\Project\\pycrontab\\calculator.py', run 'every', 2018-07-24 16:58:11> 2018-07-24 16:58:07
2018-07-24 16:58:08,617 - pycrontab.py - pycrontab - INFO - <Job 'E:\\工作文件\\Project\\pycrontab\\calculator.py', run 'every', 2018-07-24 16:58:11> 2018-07-24 16:58:08
2018-07-24 16:58:08,618 - pycrontab.py - pycrontab - INFO - <Job 'E:\\工作文件\\Project\\pycrontab\\calculator.py', run 'every', 2018-07-24 16:58:11> 2018-07-24 16:58:08
2018-07-24 16:58:09,618 - pycrontab.py - pycrontab - INFO - <Job 'E:\\工作文件\\Project\\pycrontab\\calculator.py', run 'every', 2018-07-24 16:58:11> 2018-07-24 16:58:09
2018-07-24 16:58:09,619 - pycrontab.py - pycrontab - INFO - <Job 'E:\\工作文件\\Project\\pycrontab\\calculator.py', run 'every', 2018-07-24 16:58:11> 2018-07-24 16:58:09
2018-07-24 16:58:10,620 - pycrontab.py - pycrontab - INFO - <Job 'E:\\工作文件\\Project\\pycrontab\\calculator.py', run 'every', 2018-07-24 16:58:11> 2018-07-24 16:58:10
2018-07-24 16:58:10,621 - pycrontab.py - pycrontab - INFO - <Job 'E:\\工作文件\\Project\\pycrontab\\calculator.py', run 'every', 2018-07-24 16:58:11> 2018-07-24 16:58:10
2018-07-24 16:58:11,621 - pycrontab.py - pycrontab - INFO - <Job 'E:\\工作文件\\Project\\pycrontab\\calculator.py', run 'every', 2018-07-24 16:58:11> 2018-07-24 16:58:11
2018-07-24 16:58:11,622 - pycrontab.py - pycrontab - INFO - put job into queue: <Job 'E:\\工作文件\\Project\\pycrontab\\calculator.py', run 'every', 2018-07-24 16:58:11>
2018-07-24 16:58:11,623 - pycrontab.py - pycrontab - INFO - <Job 'E:\\工作文件\\Project\\pycrontab\\calculator.py', run 'every', 2018-07-24 16:58:11> 2018-07-24 16:58:11
2018-07-24 16:58:11,624 - pycrontab.py - pycrontab - INFO - begin running script: E:\工作文件\Project\pycrontab\calculator.py
2018-07-24 16:58:11,624 - pycrontab.py - pycrontab - INFO - put job into queue: <Job 'E:\\工作文件\\Project\\pycrontab\\calculator.py', run 'every', 2018-07-24 16:58:11>
2018-07-24 16:58:11,626 - pycrontab.py - pycrontab - INFO - begin running script: E:\工作文件\Project\pycrontab\calculator.py
2018-07-24 16:58:11,738 - pycrontab.py - pycrontab - INFO - The stdout of the command: 328350
2018-07-24 16:58:11,738 - pycrontab.py - pycrontab - INFO - finish running script: E:\工作文件\Project\pycrontab\calculator.py
2018-07-24 16:58:11,746 - pycrontab.py - pycrontab - INFO - The stdout of the command: 328350
2018-07-24 16:58:11,746 - pycrontab.py - pycrontab - INFO - finish running script: E:\工作文件\Project\pycrontab\calculator.py
2018-07-24 16:58:12,625 - pycrontab.py - pycrontab - INFO - <Job 'E:\\工作文件\\Project\\pycrontab\\calculator.py', run 'every', 2018-07-24 16:58:16> 2018-07-24 16:58:12
2018-07-24 16:58:12,626 - pycrontab.py - pycrontab - INFO - <Job 'E:\\工作文件\\Project\\pycrontab\\calculator.py', run 'every', 2018-07-24 16:58:16> 2018-07-24 16:58:12
2018-07-24 16:58:13,627 - pycrontab.py - pycrontab - INFO - <Job 'E:\\工作文件\\Project\\pycrontab\\calculator.py', run 'every', 2018-07-24 16:58:16> 2018-07-24 16:58:13
2018-07-24 16:58:13,627 - pycrontab.py - pycrontab - INFO - <Job 'E:\\工作文件\\Project\\pycrontab\\calculator.py', run 'every', 2018-07-24 16:58:16> 2018-07-24 16:58:13
2018-07-24 16:59:27,054 - pycrontab.py - pycrontab - INFO - <Job 'E:\\工作文件\\Project\\pycrontab\\calculator.py', method 'every', next_time 2018-07-24 16:59:31> now:2018-07-24 16:59:27
2018-07-24 16:59:27,054 - pycrontab.py - pycrontab - INFO - <Job 'E:\\工作文件\\Project\\pycrontab\\calculator.py', method 'every', next_time 2018-07-24 16:59:31> now:2018-07-24 16:59:27
2018-07-24 16:59:28,054 - pycrontab.py - pycrontab - INFO - <Job 'E:\\工作文件\\Project\\pycrontab\\calculator.py', method 'every', next_time 2018-07-24 16:59:31> now:2018-07-24 16:59:28
2018-07-24 16:59:28,054 - pycrontab.py - pycrontab - INFO - <Job 'E:\\工作文件\\Project\\pycrontab\\calculator.py', method 'every', next_time 2018-07-24 16:59:31> now:2018-07-24 16:59:28
2018-07-24 16:59:29,055 - pycrontab.py - pycrontab - INFO - <Job 'E:\\工作文件\\Project\\pycrontab\\calculator.py', method 'every', next_time 2018-07-24 16:59:31> now:2018-07-24 16:59:29
2018-07-24 16:59:29,055 - pycrontab.py - pycrontab - INFO - <Job 'E:\\工作文件\\Project\\pycrontab\\calculator.py', method 'every', next_time 2018-07-24 16:59:31> now:2018-07-24 16:59:29
2018-07-24 16:59:30,056 - pycrontab.py - pycrontab - INFO - <Job 'E:\\工作文件\\Project\\pycrontab\\calculator.py', method 'every', next_time 2018-07-24 16:59:31> now:2018-07-24 16:59:30
2018-07-24 16:59:30,057 - pycrontab.py - pycrontab - INFO - <Job 'E:\\工作文件\\Project\\pycrontab\\calculator.py', method 'every', next_time 2018-07-24 16:59:31> now:2018-07-24 16:59:30
2018-07-24 16:59:31,058 - pycrontab.py - pycrontab - INFO - <Job 'E:\\工作文件\\Project\\pycrontab\\calculator.py', method 'every', next_time 2018-07-24 16:59:31> now:2018-07-24 16:59:31
2018-07-24 16:59:31,059 - pycrontab.py - pycrontab - INFO - put job into queue: <Job 'E:\\工作文件\\Project\\pycrontab\\calculator.py', method 'every', next_time 2018-07-24 16:59:31>
2018-07-24 16:59:31,061 - pycrontab.py - pycrontab - INFO - <Job 'E:\\工作文件\\Project\\pycrontab\\calculator.py', method 'every', next_time 2018-07-24 16:59:31> now:2018-07-24 16:59:31
2018-07-24 16:59:31,062 - pycrontab.py - pycrontab - INFO - put job into queue: <Job 'E:\\工作文件\\Project\\pycrontab\\calculator.py', method 'every', next_time 2018-07-24 16:59:31>
2018-07-24 16:59:31,064 - pycrontab.py - pycrontab - INFO - begin running script: E:\工作文件\Project\pycrontab\calculator.py
2018-07-24 16:59:31,065 - pycrontab.py - pycrontab - INFO - begin running script: E:\工作文件\Project\pycrontab\calculator.py
2018-07-24 16:59:31,195 - pycrontab.py - pycrontab - INFO - The stdout of the command: 328350
2018-07-24 16:59:31,196 - pycrontab.py - pycrontab - INFO - finish running script: E:\工作文件\Project\pycrontab\calculator.py
2018-07-24 16:59:31,207 - pycrontab.py - pycrontab - INFO - The stdout of the command: 328350
2018-07-24 16:59:31,207 - pycrontab.py - pycrontab - INFO - finish running script: E:\工作文件\Project\pycrontab\calculator.py
2018-07-24 16:59:32,063 - pycrontab.py - pycrontab - INFO - <Job 'E:\\工作文件\\Project\\pycrontab\\calculator.py', method 'every', next_time 2018-07-24 16:59:36> now:2018-07-24 16:59:32
2018-07-24 16:59:32,064 - pycrontab.py - pycrontab - INFO - <Job 'E:\\工作文件\\Project\\pycrontab\\calculator.py', method 'every', next_time 2018-07-24 16:59:36> now:2018-07-24 16:59:32
2018-07-24 16:59:33,065 - pycrontab.py - pycrontab - INFO - <Job 'E:\\工作文件\\Project\\pycrontab\\calculator.py', method 'every', next_time 2018-07-24 16:59:36> now:2018-07-24 16:59:33
2018-07-24 16:59:33,066 - pycrontab.py - pycrontab - INFO - <Job 'E:\\工作文件\\Project\\pycrontab\\calculator.py', method 'every', next_time 2018-07-24 16:59:36> now:2018-07-24 16:59:33
2018-07-24 16:59:34,066 - pycrontab.py - pycrontab - INFO - <Job 'E:\\工作文件\\Project\\pycrontab\\calculator.py', method 'every', next_time 2018-07-24 16:59:36> now:2018-07-24 16:59:34
2018-07-24 16:59:34,067 - pycrontab.py - pycrontab - INFO - <Job 'E:\\工作文件\\Project\\pycrontab\\calculator.py', method 'every', next_time 2018-07-24 16:59:36> now:2018-07-24 16:59:34
2018-07-24 16:59:35,067 - pycrontab.py - pycrontab - INFO - <Job 'E:\\工作文件\\Project\\pycrontab\\calculator.py', method 'every', next_time 2018-07-24 16:59:36> now:2018-07-24 16:59:35
2018-07-24 16:59:35,068 - pycrontab.py - pycrontab - INFO - <Job 'E:\\工作文件\\Project\\pycrontab\\calculator.py', method 'every', next_time 2018-07-24 16:59:36> now:2018-07-24 16:59:35
2018-07-24 16:59:36,069 - pycrontab.py - pycrontab - INFO - <Job 'E:\\工作文件\\Project\\pycrontab\\calculator.py', method 'every', next_time 2018-07-24 16:59:36> now:2018-07-24 16:59:36
2018-07-24 16:59:36,069 - pycrontab.py - pycrontab - INFO - put job into queue: <Job 'E:\\工作文件\\Project\\pycrontab\\calculator.py', method 'every', next_time 2018-07-24 16:59:36>
2018-07-24 16:59:36,069 - pycrontab.py - pycrontab - INFO - <Job 'E:\\工作文件\\Project\\pycrontab\\calculator.py', method 'every', next_time 2018-07-24 16:59:36> now:2018-07-24 16:59:36
2018-07-24 16:59:36,069 - pycrontab.py - pycrontab - INFO - put job into queue: <Job 'E:\\工作文件\\Project\\pycrontab\\calculator.py', method 'every', next_time 2018-07-24 16:59:36>
2018-07-24 16:59:36,070 - pycrontab.py - pycrontab - INFO - begin running script: E:\工作文件\Project\pycrontab\calculator.py
2018-07-24 16:59:36,070 - pycrontab.py - pycrontab - INFO - begin running script: E:\工作文件\Project\pycrontab\calculator.py
2018-07-24 16:59:36,157 - pycrontab.py - pycrontab - INFO - The stdout of the command: 328350
2018-07-24 16:59:36,157 - pycrontab.py - pycrontab - INFO - finish running script: E:\工作文件\Project\pycrontab\calculator.py
2018-07-24 16:59:36,165 - pycrontab.py - pycrontab - INFO - The stdout of the command: 328350
2018-07-24 16:59:36,165 - pycrontab.py - pycrontab - INFO - finish running script: E:\工作文件\Project\pycrontab\calculator.py
2018-07-24 16:59:37,070 - pycrontab.py - pycrontab - INFO - <Job 'E:\\工作文件\\Project\\pycrontab\\calculator.py', method 'every', next_time 2018-07-24 16:59:41> now:2018-07-24 16:59:37
2018-07-24 16:59:37,071 - pycrontab.py - pycrontab - INFO - <Job 'E:\\工作文件\\Project\\pycrontab\\calculator.py', method 'every', next_time 2018-07-24 16:59:41> now:2018-07-24 16:59:37
2018-07-24 16:59:38,071 - pycrontab.py - pycrontab - INFO - <Job 'E:\\工作文件\\Project\\pycrontab\\calculator.py', method 'every', next_time 2018-07-24 16:59:41> now:2018-07-24 16:59:38
2018-07-24 16:59:38,072 - pycrontab.py - pycrontab - INFO - <Job 'E:\\工作文件\\Project\\pycrontab\\calculator.py', method 'every', next_time 2018-07-24 16:59:41> now:2018-07-24 16:59:38
2018-07-24 16:59:39,073 - pycrontab.py - pycrontab - INFO - <Job 'E:\\工作文件\\Project\\pycrontab\\calculator.py', method 'every', next_time 2018-07-24 16:59:41> now:2018-07-24 16:59:39
2018-07-24 16:59:39,073 - pycrontab.py - pycrontab - INFO - <Job 'E:\\工作文件\\Project\\pycrontab\\calculator.py', method 'every', next_time 2018-07-24 16:59:41> now:2018-07-24 16:59:39
2018-07-24 16:59:41,581 - pycrontab.py - pycrontab - INFO - <Job 'E:\\工作文件\\Project\\pycrontab\\calculator.py', method 'every', next_time 2018-07-24 16:59:46> now:2018-07-24 16:59:41
2018-07-24 16:59:41,581 - pycrontab.py - pycrontab - INFO - <Job 'E:\\工作文件\\Project\\pycrontab\\calculator.py', method 'every', next_time 2018-07-24 16:59:46> now:2018-07-24 16:59:41
2018-07-24 16:59:42,582 - pycrontab.py - pycrontab - INFO - <Job 'E:\\工作文件\\Project\\pycrontab\\calculator.py', method 'every', next_time 2018-07-24 16:59:46> now:2018-07-24 16:59:42
2018-07-24 16:59:42,583 - pycrontab.py - pycrontab - INFO - <Job 'E:\\工作文件\\Project\\pycrontab\\calculator.py', method 'every', next_time 2018-07-24 16:59:46> now:2018-07-24 16:59:42
2018-07-24 16:59:43,584 - pycrontab.py - pycrontab - INFO - <Job 'E:\\工作文件\\Project\\pycrontab\\calculator.py', method 'every', next_time 2018-07-24 16:59:46> now:2018-07-24 16:59:43
2018-07-24 16:59:43,584 - pycrontab.py - pycrontab - INFO - <Job 'E:\\工作文件\\Project\\pycrontab\\calculator.py', method 'every', next_time 2018-07-24 16:59:46> now:2018-07-24 16:59:43
2018-07-24 16:59:44,584 - pycrontab.py - pycrontab - INFO - <Job 'E:\\工作文件\\Project\\pycrontab\\calculator.py', method 'every', next_time 2018-07-24 16:59:46> now:2018-07-24 16:59:44
2018-07-24 16:59:44,585 - pycrontab.py - pycrontab - INFO - <Job 'E:\\工作文件\\Project\\pycrontab\\calculator.py', method 'every', next_time 2018-07-24 16:59:46> now:2018-07-24 16:59:44
2018-07-24 16:59:45,586 - pycrontab.py - pycrontab - INFO - <Job 'E:\\工作文件\\Project\\pycrontab\\calculator.py', method 'every', next_time 2018-07-24 16:59:46> now:2018-07-24 16:59:45
2018-07-24 16:59:45,586 - pycrontab.py - pycrontab - INFO - <Job 'E:\\工作文件\\Project\\pycrontab\\calculator.py', method 'every', next_time 2018-07-24 16:59:46> now:2018-07-24 16:59:45
2018-07-24 16:59:46,587 - pycrontab.py - pycrontab - INFO - <Job 'E:\\工作文件\\Project\\pycrontab\\calculator.py', method 'every', next_time 2018-07-24 16:59:46> now:2018-07-24 16:59:46
2018-07-24 16:59:46,587 - pycrontab.py - pycrontab - INFO - put job into queue: <Job 'E:\\工作文件\\Project\\pycrontab\\calculator.py', method 'every', next_time 2018-07-24 16:59:46>
2018-07-24 16:59:46,589 - pycrontab.py - pycrontab - INFO - <Job 'E:\\工作文件\\Project\\pycrontab\\calculator.py', method 'every', next_time 2018-07-24 16:59:46> now:2018-07-24 16:59:46
2018-07-24 16:59:46,590 - pycrontab.py - pycrontab - INFO - put job into queue: <Job 'E:\\工作文件\\Project\\pycrontab\\calculator.py', method 'every', next_time 2018-07-24 16:59:46>
2018-07-24 16:59:46,592 - pycrontab.py - pycrontab - INFO - begin running script: E:\工作文件\Project\pycrontab\calculator.py
2018-07-24 16:59:46,593 - pycrontab.py - pycrontab - INFO - begin running script: E:\工作文件\Project\pycrontab\calculator.py
2018-07-24 16:59:46,750 - pycrontab.py - pycrontab - INFO - The stdout of the command: 328350
2018-07-24 16:59:46,750 - pycrontab.py - pycrontab - INFO - finish running script: E:\工作文件\Project\pycrontab\calculator.py
2018-07-24 16:59:46,773 - pycrontab.py - pycrontab - INFO - The stdout of the command: 328350
2018-07-24 16:59:46,773 - pycrontab.py - pycrontab - INFO - finish running script: E:\工作文件\Project\pycrontab\calculator.py
2018-07-24 16:59:47,591 - pycrontab.py - pycrontab - INFO - <Job 'E:\\工作文件\\Project\\pycrontab\\calculator.py', method 'every', next_time 2018-07-24 16:59:51> now:2018-07-24 16:59:47
2018-07-24 16:59:47,591 - pycrontab.py - pycrontab - INFO - <Job 'E:\\工作文件\\Project\\pycrontab\\calculator.py', method 'every', next_time 2018-07-24 16:59:51> now:2018-07-24 16:59:47
2018-07-24 16:59:48,592 - pycrontab.py - pycrontab - INFO - <Job 'E:\\工作文件\\Project\\pycrontab\\calculator.py', method 'every', next_time 2018-07-24 16:59:51> now:2018-07-24 16:59:48
2018-07-24 16:59:48,593 - pycrontab.py - pycrontab - INFO - <Job 'E:\\工作文件\\Project\\pycrontab\\calculator.py', method 'every', next_time 2018-07-24 16:59:51> now:2018-07-24 16:59:48
2018-07-24 16:59:49,594 - pycrontab.py - pycrontab - INFO - <Job 'E:\\工作文件\\Project\\pycrontab\\calculator.py', method 'every', next_time 2018-07-24 16:59:51> now:2018-07-24 16:59:49
2018-07-24 16:59:49,595 - pycrontab.py - pycrontab - INFO - <Job 'E:\\工作文件\\Project\\pycrontab\\calculator.py', method 'every', next_time 2018-07-24 16:59:51> now:2018-07-24 16:59:49
2018-07-24 16:59:50,596 - pycrontab.py - pycrontab - INFO - <Job 'E:\\工作文件\\Project\\pycrontab\\calculator.py', method 'every', next_time 2018-07-24 16:59:51> now:2018-07-24 16:59:50
2018-07-24 16:59:50,596 - pycrontab.py - pycrontab - INFO - <Job 'E:\\工作文件\\Project\\pycrontab\\calculator.py', method 'every', next_time 2018-07-24 16:59:51> now:2018-07-24 16:59:50
2018-07-24 16:59:51,597 - pycrontab.py - pycrontab - INFO - <Job 'E:\\工作文件\\Project\\pycrontab\\calculator.py', method 'every', next_time 2018-07-24 16:59:51> now:2018-07-24 16:59:51
2018-07-24 16:59:51,597 - pycrontab.py - pycrontab - INFO - put job into queue: <Job 'E:\\工作文件\\Project\\pycrontab\\calculator.py', method 'every', next_time 2018-07-24 16:59:51>
2018-07-24 16:59:51,597 - pycrontab.py - pycrontab - INFO - <Job 'E:\\工作文件\\Project\\pycrontab\\calculator.py', method 'every', next_time 2018-07-24 16:59:51> now:2018-07-24 16:59:51
2018-07-24 16:59:51,598 - pycrontab.py - pycrontab - INFO - put job into queue: <Job 'E:\\工作文件\\Project\\pycrontab\\calculator.py', method 'every', next_time 2018-07-24 16:59:51>
2018-07-24 16:59:51,598 - pycrontab.py - pycrontab - INFO - begin running script: E:\工作文件\Project\pycrontab\calculator.py
2018-07-24 16:59:51,598 - pycrontab.py - pycrontab - INFO - begin running script: E:\工作文件\Project\pycrontab\calculator.py
2018-07-24 16:59:51,701 - pycrontab.py - pycrontab - INFO - The stdout of the command: 328350
2018-07-24 16:59:51,701 - pycrontab.py - pycrontab - INFO - finish running script: E:\工作文件\Project\pycrontab\calculator.py
2018-07-24 16:59:51,710 - pycrontab.py - pycrontab - INFO - The stdout of the command: 328350
2018-07-24 16:59:51,710 - pycrontab.py - pycrontab - INFO - finish running script: E:\工作文件\Project\pycrontab\calculator.py
